Log file open, 12/10/18 19:37:02
LogWindows: Failed to load 'aqProf.dll' (GetLastError=126)
LogWindows: File 'aqProf.dll' does not exist
LogWindows: Failed to load 'VtuneApi.dll' (GetLastError=126)
LogWindows: File 'VtuneApi.dll' does not exist
LogWindows: Failed to load 'VtuneApi32e.dll' (GetLastError=126)
LogWindows: File 'VtuneApi32e.dll' does not exist
LogConsoleResponse: Display: Failed to find resolution value strings in scalability ini. Falling back to default.
LogInit: Display: Running engine for game: CozySim
LogPakFile: Registered encryption key '00000000000000000000000000000000': 0 pak files mounted, 0 remain pending
LogPlatformFile: Not using cached read wrapper
LogTaskGraph: Started task graph with 5 named threads and 47 total threads with 3 sets of task threads.
LogStats: Stats thread started at 0.552462
LogD3D11RHI: Loaded GFSDK_Aftermath_Lib.x64.dll
LogICUInternationalization: ICU TimeZone Detection - Raw Offset: -7:00, Platform Override: ''
LogPluginManager: Mounting plugin Paper2D
LogPluginManager: Mounting plugin LightPropagationVolume
LogPluginManager: Mounting plugin ActorLayerUtilities
LogPluginManager: Mounting plugin CLionSourceCodeAccess
LogPluginManager: Mounting plugin CodeLiteSourceCodeAccess
LogPluginManager: Mounting plugin GitSourceControl
LogPluginManager: Mounting plugin KDevelopSourceCodeAccess
LogPluginManager: Mounting plugin NullSourceCodeAccess
LogPluginManager: Mounting plugin PerforceSourceControl
LogPluginManager: Mounting plugin SubversionSourceControl
LogPluginManager: Mounting plugin VisualStudioCodeSourceCodeAccess
LogPluginManager: Mounting plugin VisualStudioSourceCodeAccess
LogPluginManager: Mounting plugin XCodeSourceCodeAccess
LogPluginManager: Mounting plugin AssetManagerEditor
LogPluginManager: Mounting plugin CryptoKeys
LogPluginManager: Mounting plugin DataValidation
LogPluginManager: Mounting plugin FacialAnimation
LogPluginManager: Mounting plugin GameplayTagsEditor
LogPluginManager: Mounting plugin MacGraphicsSwitching
LogPluginManager: Mounting plugin MeshEditor
LogPluginManager: Mounting plugin MobileLauncherProfileWizard
LogPluginManager: Mounting plugin PluginBrowser
LogPluginManager: Mounting plugin SpeedTreeImporter
LogPluginManager: Mounting plugin DatasmithContent
LogPluginManager: Mounting plugin VariantManagerContent
LogPluginManager: Mounting plugin AlembicImporter
LogPluginManager: Mounting plugin AppleImageUtils
LogPluginManager: Mounting plugin AppleVision
LogPluginManager: Mounting plugin BackChannel
LogPluginManager: Mounting plugin CharacterAI
LogPluginManager: Mounting plugin GeometryCache
LogPluginManager: Mounting plugin HTML5Networking
LogPluginManager: Mounting plugin ProxyLODPlugin
LogPluginManager: Mounting plugin AvfMedia
LogPluginManager: Mounting plugin ImgMedia
LogPluginManager: Mounting plugin LinearTimecode
LogPluginManager: Mounting plugin MediaCompositing
LogPluginManager: Mounting plugin MediaPlayerEditor
LogPluginManager: Mounting plugin WebMMedia
LogPluginManager: Mounting plugin WmfMedia
LogPluginManager: Mounting plugin ActorSequence
LogPluginManager: Mounting plugin LevelSequenceEditor
LogPluginManager: Mounting plugin MatineeToLevelSequence
LogPluginManager: Mounting plugin LauncherChunkInstaller
LogPluginManager: Mounting plugin AndroidMoviePlayer
LogPluginManager: Mounting plugin AppleMoviePlayer
LogPluginManager: Mounting plugin ArchVisCharacter
LogPluginManager: Mounting plugin CableComponent
LogPluginManager: Mounting plugin CustomMeshComponent
LogPluginManager: Mounting plugin EditableMesh
LogPluginManager: Mounting plugin MIDIDevice
LogPluginManager: Mounting plugin OculusVR
LogPluginManager: Mounting plugin ProceduralMeshComponent
LogPluginManager: Mounting plugin RuntimePhysXCooking
LogPluginManager: Mounting plugin SteamAudio
LogPluginManager: Mounting plugin SteamVR
LogPluginManager: Mounting plugin WebMMoviePlayer
LogPluginManager: Mounting plugin WindowsMoviePlayer
LogStreaming: Display: Took  0.055s to configure plugins.
LogInit: Build: ++UE4+Release-4.21-CL-4613538
LogInit: Engine Version: 4.21.1-4613538+++UE4+Release-4.21
LogInit: Compatible Engine Version: 4.21.0-4541578+++UE4+Release-4.21
LogInit: Net CL: 4541578
LogInit: OS: Windows 10 (), CPU: AMD Ryzen 7 1700X Eight-Core Processor         , GPU: NVIDIA GeForce GTX 780 Ti
LogInit: Compiled (64-bit): Nov 30 2018 04:13:25
LogInit: Compiled with Visual C++: 19.13.26129.00
LogInit: Build Configuration: Development
LogInit: Branch Name: ++UE4+Release-4.21
LogInit: Command Line: 
LogInit: Base Directory: C:/Program Files/Epic Games/UE_4.21/Engine/Binaries/Win64/
LogInit: Installed Engine Build: 1
LogDevObjectVersion: Number of dev versions registered: 22
LogDevObjectVersion:   Dev-Blueprints (B0D832E4-1F89-4F0D-ACCF-7EB736FD4AA2): 10
LogDevObjectVersion:   Dev-Build (E1C64328-A22C-4D53-A36C-8E866417BD8C): 0
LogDevObjectVersion:   Dev-Core (375EC13C-06E4-48FB-B500-84F0262A717E): 2
LogDevObjectVersion:   Dev-Editor (E4B068ED-F494-42E9-A231-DA0B2E46BB41): 26
LogDevObjectVersion:   Dev-Framework (CFFC743F-43B0-4480-9391-14DF171D2073): 34
LogDevObjectVersion:   Dev-Mobile (B02B49B5-BB20-44E9-A304-32B752E40360): 2
LogDevObjectVersion:   Dev-Networking (A4E4105C-59A1-49B5-A7C5-40C4547EDFEE): 0
LogDevObjectVersion:   Dev-Online (39C831C9-5AE6-47DC-9A44-9C173E1C8E7C): 0
LogDevObjectVersion:   Dev-Physics (78F01B33-EBEA-4F98-B9B4-84EACCB95AA2): 0
LogDevObjectVersion:   Dev-Platform (6631380F-2D4D-43E0-8009-CF276956A95A): 0
LogDevObjectVersion:   Dev-Rendering (12F88B9F-8875-4AFC-A67C-D90C383ABD29): 27
LogDevObjectVersion:   Dev-Sequencer (7B5AE74C-D270-4C10-A958-57980B212A5A): 9
LogDevObjectVersion:   Dev-VR (D7296918-1DD6-4BDD-9DE2-64A83CC13884): 2
LogDevObjectVersion:   Dev-LoadTimes (C2A15278-BFE7-4AFE-6C17-90FF531DF755): 1
LogDevObjectVersion:   Private-Geometry (6EACA3D4-40EC-4CC1-B786-8BED09428FC5): 3
LogDevObjectVersion:   Dev-AnimPhys (29E575DD-E0A3-4627-9D10-D276232CDCEA): 17
LogDevObjectVersion:   Dev-Anim (AF43A65D-7FD3-4947-9873-3E8ED9C1BB05): 2
LogDevObjectVersion:   Dev-ReflectionCapture (6B266CEC-1EC7-4B8F-A30B-E4D90942FC07): 1
LogDevObjectVersion:   Dev-Automation (0DF73D61-A23F-47EA-B727-89E90C41499A): 1
LogDevObjectVersion:   FortniteMain (601D1886-AC64-4F84-AA16-D3DE0DEAC7D6): 17
LogDevObjectVersion:   Dev-Enterprise (9DFFBCD6-494F-0158-E221-12823C92A888): 4
LogDevObjectVersion:   Dev-Niagara (F2AED0AC-9AFE-416F-8664-AA7FFA26D6FC): 1
LogStreaming: Display: Took  0.000s to delete old logs.
LogInit: Presizing for max 8388607 objects, including 0 objects not considered by GC, pre-allocating 0 bytes for permanent pool.
LogInit: Object subsystem initialized
LogConfig: Setting CVar [[con.DebugEarlyDefault:1]]
LogConfig: Setting CVar [[r.setres:1280x720]]
[2018.12.11-02.37.02:597][  0]LogConfig: Setting CVar [[r.VSync:0]]
[2018.12.11-02.37.02:597][  0]LogConfig: Setting CVar [[r.RHICmdBypass:0]]
[2018.12.11-02.37.02:597][  0]LogConfig: Applying CVar settings from Section [/Script/Engine.RendererSettings] File [E:/Game-Development/HolidayGames/Projects/CozySim/Repo/CozySimulator/CozySim/Saved/Config/Windows/Engine.ini]
[2018.12.11-02.37.02:597][  0]LogConfig: Setting CVar [[r.GPUCrashDebugging:0]]
[2018.12.11-02.37.02:597][  0]LogConfig: Applying CVar settings from Section [/Script/Engine.RendererOverrideSettings] File [E:/Game-Development/HolidayGames/Projects/CozySim/Repo/CozySimulator/CozySim/Saved/Config/Windows/Engine.ini]
[2018.12.11-02.37.02:597][  0]LogConfig: Applying CVar settings from Section [/Script/Engine.StreamingSettings] File [E:/Game-Development/HolidayGames/Projects/CozySim/Repo/CozySimulator/CozySim/Saved/Config/Windows/Engine.ini]
[2018.12.11-02.37.02:597][  0]LogConfig: Setting CVar [[s.MinBulkDataSizeForAsyncLoading:131072]]
[2018.12.11-02.37.02:597][  0]LogConfig: Setting CVar [[s.AsyncLoadingThreadEnabled:0]]
[2018.12.11-02.37.02:597][  0]LogConfig: Setting CVar [[s.EventDrivenLoaderEnabled:1]]
[2018.12.11-02.37.02:597][  0]LogConfig: Setting CVar [[s.WarnIfTimeLimitExceeded:0]]
[2018.12.11-02.37.02:597][  0]LogConfig: Setting CVar [[s.TimeLimitExceededMultiplier:1.5]]
[2018.12.11-02.37.02:597][  0]LogConfig: Setting CVar [[s.TimeLimitExceededMinTime:0.005]]
[2018.12.11-02.37.02:597][  0]LogConfig: Setting CVar [[s.UseBackgroundLevelStreaming:1]]
[2018.12.11-02.37.02:597][  0]LogConfig: Setting CVar [[s.PriorityAsyncLoadingExtraTime:15.0]]
[2018.12.11-02.37.02:597][  0]LogConfig: Setting CVar [[s.LevelStreamingActorsUpdateTimeLimit:5.0]]
[2018.12.11-02.37.02:597][  0]LogConfig: Setting CVar [[s.PriorityLevelStreamingActorsUpdateExtraTime:5.0]]
[2018.12.11-02.37.02:597][  0]LogConfig: Setting CVar [[s.LevelStreamingComponentsRegistrationGranularity:10]]
[2018.12.11-02.37.02:597][  0]LogConfig: Setting CVar [[s.UnregisterComponentsTimeLimit:1.0]]
[2018.12.11-02.37.02:597][  0]LogConfig: Setting CVar [[s.LevelStreamingComponentsUnregistrationGranularity:5]]
[2018.12.11-02.37.02:597][  0]LogConfig: Applying CVar settings from Section [/Script/Engine.GarbageCollectionSettings] File [E:/Game-Development/HolidayGames/Projects/CozySim/Repo/CozySimulator/CozySim/Saved/Config/Windows/Engine.ini]
[2018.12.11-02.37.02:597][  0]LogConfig: Setting CVar [[gc.MaxObjectsNotConsideredByGC:1]]
[2018.12.11-02.37.02:597][  0]LogConfig: Setting CVar [[gc.SizeOfPermanentObjectPool:0]]
[2018.12.11-02.37.02:597][  0]LogConfig: Setting CVar [[gc.FlushStreamingOnGC:0]]
[2018.12.11-02.37.02:597][  0]LogConfig: Setting CVar [[gc.NumRetriesBeforeForcingGC:10]]
[2018.12.11-02.37.02:597][  0]LogConfig: Setting CVar [[gc.AllowParallelGC:1]]
[2018.12.11-02.37.02:597][  0]LogConfig: Setting CVar [[gc.TimeBetweenPurgingPendingKillObjects:61.1]]
[2018.12.11-02.37.02:597][  0]LogConfig: Setting CVar [[gc.MaxObjectsInEditor:8388607]]
[2018.12.11-02.37.02:597][  0]LogConfig: Setting CVar [[gc.IncrementalBeginDestroyEnabled:1]]
[2018.12.11-02.37.02:597][  0]LogConfig: Setting CVar [[gc.CreateGCClusters:1]]
[2018.12.11-02.37.02:597][  0]LogConfig: Setting CVar [[gc.MergeGCClusters:0]]
[2018.12.11-02.37.02:597][  0]LogConfig: Setting CVar [[gc.MinGCClusterSize:5]]
[2018.12.11-02.37.02:597][  0]LogConfig: Setting CVar [[gc.ActorClusteringEnabled:0]]
[2018.12.11-02.37.02:598][  0]LogConfig: Setting CVar [[gc.BlueprintClusteringEnabled:0]]
[2018.12.11-02.37.02:598][  0]LogConfig: Setting CVar [[gc.UseDisregardForGCOnDedicatedServers:0]]
[2018.12.11-02.37.02:598][  0]LogConfig: Applying CVar settings from Section [/Script/Engine.NetworkSettings] File [E:/Game-Development/HolidayGames/Projects/CozySim/Repo/CozySimulator/CozySim/Saved/Config/Windows/Engine.ini]
[2018.12.11-02.37.02:598][  0]LogConfig: Applying CVar settings from Section [/Script/UnrealEd.CookerSettings] File [E:/Game-Development/HolidayGames/Projects/CozySim/Repo/CozySimulator/CozySim/Saved/Config/Windows/Engine.ini]
[2018.12.11-02.37.02:608][  0]LogConfig: Applying CVar settings from Section [ViewDistanceQuality@3] File [E:/Game-Development/HolidayGames/Projects/CozySim/Repo/CozySimulator/CozySim/Saved/Config/Windows/Scalability.ini]
[2018.12.11-02.37.02:608][  0]LogConfig: Setting CVar [[r.SkeletalMeshLODBias:0]]
[2018.12.11-02.37.02:609][  0]LogConfig: Setting CVar [[r.ViewDistanceScale:1.0]]
[2018.12.11-02.37.02:609][  0]LogConfig: Applying CVar settings from Section [AntiAliasingQuality@3] File [E:/Game-Development/HolidayGames/Projects/CozySim/Repo/CozySimulator/CozySim/Saved/Config/Windows/Scalability.ini]
[2018.12.11-02.37.02:609][  0]LogConfig: Setting CVar [[r.PostProcessAAQuality:4]]
[2018.12.11-02.37.02:609][  0]LogConfig: Applying CVar settings from Section [ShadowQuality@3] File [E:/Game-Development/HolidayGames/Projects/CozySim/Repo/CozySimulator/CozySim/Saved/Config/Windows/Scalability.ini]
[2018.12.11-02.37.02:609][  0]LogConfig: Setting CVar [[r.LightFunctionQuality:1]]
[2018.12.11-02.37.02:609][  0]LogConfig: Setting CVar [[r.ShadowQuality:5]]
[2018.12.11-02.37.02:609][  0]LogConfig: Setting CVar [[r.Shadow.CSM.MaxCascades:10]]
[2018.12.11-02.37.02:609][  0]LogConfig: Setting CVar [[r.Shadow.MaxResolution:2048]]
[2018.12.11-02.37.02:609][  0]LogConfig: Setting CVar [[r.Shadow.MaxCSMResolution:2048]]
[2018.12.11-02.37.02:609][  0]LogConfig: Setting CVar [[r.Shadow.RadiusThreshold:0.01]]
[2018.12.11-02.37.02:609][  0]LogConfig: Setting CVar [[r.Shadow.DistanceScale:1.0]]
[2018.12.11-02.37.02:609][  0]LogConfig: Setting CVar [[r.Shadow.CSM.TransitionScale:1.0]]
[2018.12.11-02.37.02:609][  0]LogConfig: Setting CVar [[r.Shadow.PreShadowResolutionFactor:1.0]]
[2018.12.11-02.37.02:609][  0]LogConfig: Setting CVar [[r.DistanceFieldShadowing:1]]
[2018.12.11-02.37.02:609][  0]LogConfig: Setting CVar [[r.DistanceFieldAO:1]]
[2018.12.11-02.37.02:609][  0]LogConfig: Setting CVar [[r.AOQuality:2]]
[2018.12.11-02.37.02:609][  0]LogConfig: Setting CVar [[r.VolumetricFog:1]]
[2018.12.11-02.37.02:609][  0]LogConfig: Setting CVar [[r.VolumetricFog.GridPixelSize:8]]
[2018.12.11-02.37.02:609][  0]LogConfig: Setting CVar [[r.VolumetricFog.GridSizeZ:128]]
[2018.12.11-02.37.02:609][  0]LogConfig: Setting CVar [[r.VolumetricFog.HistoryMissSupersampleCount:4]]
[2018.12.11-02.37.02:609][  0]LogConfig: Setting CVar [[r.LightMaxDrawDistanceScale:1]]
[2018.12.11-02.37.02:609][  0]LogConfig: Setting CVar [[r.CapsuleShadows:1]]
[2018.12.11-02.37.02:609][  0]LogConfig: Applying CVar settings from Section [PostProcessQuality@3] File [E:/Game-Development/HolidayGames/Projects/CozySim/Repo/CozySimulator/CozySim/Saved/Config/Windows/Scalability.ini]
[2018.12.11-02.37.02:609][  0]LogConfig: Setting CVar [[r.MotionBlurQuality:4]]
[2018.12.11-02.37.02:609][  0]LogConfig: Setting CVar [[r.AmbientOcclusionMipLevelFactor:0.4]]
[2018.12.11-02.37.02:609][  0]LogConfig: Setting CVar [[r.AmbientOcclusionMaxQuality:100]]
[2018.12.11-02.37.02:609][  0]LogConfig: Setting CVar [[r.AmbientOcclusionLevels:-1]]
[2018.12.11-02.37.02:609][  0]LogConfig: Setting CVar [[r.AmbientOcclusionRadiusScale:1.0]]
[2018.12.11-02.37.02:609][  0]LogConfig: Setting CVar [[r.DepthOfFieldQuality:2]]
[2018.12.11-02.37.02:609][  0]LogConfig: Setting CVar [[r.RenderTargetPoolMin:400]]
[2018.12.11-02.37.02:609][  0]LogConfig: Setting CVar [[r.LensFlareQuality:2]]
[2018.12.11-02.37.02:609][  0]LogConfig: Setting CVar [[r.SceneColorFringeQuality:1]]
[2018.12.11-02.37.02:609][  0]LogConfig: Setting CVar [[r.EyeAdaptationQuality:2]]
[2018.12.11-02.37.02:609][  0]LogConfig: Setting CVar [[r.BloomQuality:5]]
[2018.12.11-02.37.02:609][  0]LogConfig: Setting CVar [[r.FastBlurThreshold:100]]
[2018.12.11-02.37.02:609][  0]LogConfig: Setting CVar [[r.Upscale.Quality:3]]
[2018.12.11-02.37.02:609][  0]LogConfig: Setting CVar [[r.Tonemapper.GrainQuantization:1]]
[2018.12.11-02.37.02:609][  0]LogConfig: Setting CVar [[r.LightShaftQuality:1]]
[2018.12.11-02.37.02:609][  0]LogConfig: Setting CVar [[r.Filter.SizeScale:1]]
[2018.12.11-02.37.02:609][  0]LogConfig: Setting CVar [[r.Tonemapper.Quality:5]]
[2018.12.11-02.37.02:609][  0]LogConfig: Setting CVar [[r.DOF.Gather.AccumulatorQuality:1        ; higher gathering accumulator quality]]
[2018.12.11-02.37.02:609][  0]LogConfig: Setting CVar [[r.DOF.Gather.PostfilterMethod:1          ; Median3x3 postfilering method]]
[2018.12.11-02.37.02:609][  0]LogConfig: Setting CVar [[r.DOF.Gather.EnableBokehSettings:0       ; no bokeh simulation when gathering]]
[2018.12.11-02.37.02:609][  0]LogConfig: Setting CVar [[r.DOF.Gather.RingCount:4                 ; medium number of samples when gathering]]
[2018.12.11-02.37.02:609][  0]LogConfig: Setting CVar [[r.DOF.Scatter.ForegroundCompositing:1    ; additive foreground scattering]]
[2018.12.11-02.37.02:609][  0]LogConfig: Setting CVar [[r.DOF.Scatter.BackgroundCompositing:2    ; additive background scattering]]
[2018.12.11-02.37.02:609][  0]LogConfig: Setting CVar [[r.DOF.Scatter.EnableBokehSettings:1      ; bokeh simulation when scattering]]
[2018.12.11-02.37.02:610][  0]LogConfig: Setting CVar [[r.DOF.Scatter.MaxSpriteRatio:0.1         ; only a maximum of 10% of scattered bokeh]]
[2018.12.11-02.37.02:610][  0]LogConfig: Setting CVar [[r.DOF.Recombine.Quality:1                ; cheap slight out of focus]]
[2018.12.11-02.37.02:610][  0]LogConfig: Setting CVar [[r.DOF.Recombine.EnableBokehSettings:0    ; no bokeh simulation on slight out of focus]]
[2018.12.11-02.37.02:610][  0]LogConfig: Setting CVar [[r.DOF.TemporalAAQuality:1                ; more stable temporal accumulation]]
[2018.12.11-02.37.02:610][  0]LogConfig: Setting CVar [[r.DOF.Kernel.MaxForegroundRadius:0.025]]
[2018.12.11-02.37.02:610][  0]LogConfig: Setting CVar [[r.DOF.Kernel.MaxBackgroundRadius:0.025]]
[2018.12.11-02.37.02:610][  0]LogConfig: Applying CVar settings from Section [TextureQuality@3] File [E:/Game-Development/HolidayGames/Projects/CozySim/Repo/CozySimulator/CozySim/Saved/Config/Windows/Scalability.ini]
[2018.12.11-02.37.02:610][  0]LogConfig: Setting CVar [[r.Streaming.MipBias:0]]
[2018.12.11-02.37.02:610][  0]LogConfig: Setting CVar [[r.Streaming.AmortizeCPUToGPUCopy:0]]
[2018.12.11-02.37.02:610][  0]LogConfig: Setting CVar [[r.Streaming.MaxNumTexturesToStreamPerFrame:0]]
[2018.12.11-02.37.02:610][  0]LogConfig: Setting CVar [[r.Streaming.Boost:1]]
[2018.12.11-02.37.02:610][  0]LogConfig: Setting CVar [[r.MaxAnisotropy:8]]
[2018.12.11-02.37.02:610][  0]LogConfig: Setting CVar [[r.Streaming.LimitPoolSizeToVRAM:0]]
[2018.12.11-02.37.02:610][  0]LogConfig: Setting CVar [[r.Streaming.PoolSize:1000]]
[2018.12.11-02.37.02:610][  0]LogConfig: Setting CVar [[r.Streaming.MaxEffectiveScreenSize:0]]
[2018.12.11-02.37.02:610][  0]LogConfig: Applying CVar settings from Section [EffectsQuality@3] File [E:/Game-Development/HolidayGames/Projects/CozySim/Repo/CozySimulator/CozySim/Saved/Config/Windows/Scalability.ini]
[2018.12.11-02.37.02:610][  0]LogConfig: Setting CVar [[r.TranslucencyLightingVolumeDim:64]]
[2018.12.11-02.37.02:610][  0]LogConfig: Setting CVar [[r.RefractionQuality:2]]
[2018.12.11-02.37.02:610][  0]LogConfig: Setting CVar [[r.SSR.Quality:3]]
[2018.12.11-02.37.02:610][  0]LogConfig: Setting CVar [[r.SceneColorFormat:4]]
[2018.12.11-02.37.02:610][  0]LogConfig: Setting CVar [[r.DetailMode:2]]
[2018.12.11-02.37.02:610][  0]LogConfig: Setting CVar [[r.TranslucencyVolumeBlur:1]]
[2018.12.11-02.37.02:610][  0]LogConfig: Setting CVar [[r.MaterialQualityLevel:1 ; High quality]]
[2018.12.11-02.37.02:610][  0]LogConfig: Setting CVar [[r.SSS.Scale:1]]
[2018.12.11-02.37.02:610][  0]LogConfig: Setting CVar [[r.SSS.SampleSet:2]]
[2018.12.11-02.37.02:610][  0]LogConfig: Setting CVar [[r.SSS.Quality:1]]
[2018.12.11-02.37.02:610][  0]LogConfig: Setting CVar [[r.SSS.HalfRes:1]]
[2018.12.11-02.37.02:610][  0]LogConfig: Setting CVar [[r.EmitterSpawnRateScale:1.0]]
[2018.12.11-02.37.02:610][  0]LogConfig: Setting CVar [[r.ParticleLightQuality:2]]
[2018.12.11-02.37.02:610][  0]LogConfig: Applying CVar settings from Section [FoliageQuality@3] File [E:/Game-Development/HolidayGames/Projects/CozySim/Repo/CozySimulator/CozySim/Saved/Config/Windows/Scalability.ini]
[2018.12.11-02.37.02:610][  0]LogConfig: Setting CVar [[foliage.DensityScale:1.0]]
[2018.12.11-02.37.02:610][  0]LogConfig: Setting CVar [[grass.DensityScale:1.0]]
[2018.12.11-02.37.02:644][  0]LogModuleManager: Warning: ModuleManager: Unable to load module 'ExampleDeviceProfileSelector'  - 0 instances of that module name found.
[2018.12.11-02.37.02:644][  0]LogInit: Applying CVar settings loaded from the selected device profile: [Windows]
[2018.12.11-02.37.02:664][  0]LogHAL: Display: Platform has ~ 32 GB [34309677056 / 34359738368 / 32], which maps to Largest [LargestMinGB=32, LargerMinGB=12, DefaultMinGB=8, SmallerMinGB=6, SmallestMinGB=0)
[2018.12.11-02.37.02:664][  0]LogConfig: Setting CVar [[r.Vulkan.UseRealUBs:1]]
[2018.12.11-02.37.02:664][  0]LogInit: Going up to parent DeviceProfile []
[2018.12.11-02.37.02:664][  0]LogConfig: Applying CVar settings from Section [ViewDistanceQuality@1] File [E:/Game-Development/HolidayGames/Projects/CozySim/Repo/CozySimulator/CozySim/Saved/Config/Windows/Scalability.ini]
[2018.12.11-02.37.02:664][  0]LogConfig: Setting CVar [[r.SkeletalMeshLODBias:1]]
[2018.12.11-02.37.02:664][  0]LogConfig: Setting CVar [[r.ViewDistanceScale:0.6]]
[2018.12.11-02.37.02:664][  0]LogConfig: Applying CVar settings from Section [AntiAliasingQuality@1] File [E:/Game-Development/HolidayGames/Projects/CozySim/Repo/CozySimulator/CozySim/Saved/Config/Windows/Scalability.ini]
[2018.12.11-02.37.02:664][  0]LogConfig: Setting CVar [[r.PostProcessAAQuality:2]]
[2018.12.11-02.37.02:664][  0]LogConfig: Applying CVar settings from Section [ShadowQuality@1] File [E:/Game-Development/HolidayGames/Projects/CozySim/Repo/CozySimulator/CozySim/Saved/Config/Windows/Scalability.ini]
[2018.12.11-02.37.02:664][  0]LogConfig: Setting CVar [[r.LightFunctionQuality:1]]
[2018.12.11-02.37.02:664][  0]LogConfig: Setting CVar [[r.ShadowQuality:3]]
[2018.12.11-02.37.02:664][  0]LogConfig: Setting CVar [[r.Shadow.CSM.MaxCascades:1]]
[2018.12.11-02.37.02:664][  0]LogConfig: Setting CVar [[r.Shadow.MaxResolution:1024]]
[2018.12.11-02.37.02:664][  0]LogConfig: Setting CVar [[r.Shadow.MaxCSMResolution:1024]]
[2018.12.11-02.37.02:664][  0]LogConfig: Setting CVar [[r.Shadow.RadiusThreshold:0.05]]
[2018.12.11-02.37.02:664][  0]LogConfig: Setting CVar [[r.Shadow.DistanceScale:0.7]]
[2018.12.11-02.37.02:664][  0]LogConfig: Setting CVar [[r.Shadow.CSM.TransitionScale:0.25]]
[2018.12.11-02.37.02:664][  0]LogConfig: Setting CVar [[r.Shadow.PreShadowResolutionFactor:0.5]]
[2018.12.11-02.37.02:664][  0]LogConfig: Setting CVar [[r.DistanceFieldShadowing:0]]
[2018.12.11-02.37.02:664][  0]LogConfig: Setting CVar [[r.DistanceFieldAO:0]]
[2018.12.11-02.37.02:664][  0]LogConfig: Setting CVar [[r.VolumetricFog:0]]
[2018.12.11-02.37.02:664][  0]LogConfig: Setting CVar [[r.LightMaxDrawDistanceScale:.5]]
[2018.12.11-02.37.02:664][  0]LogConfig: Setting CVar [[r.CapsuleShadows:1]]
[2018.12.11-02.37.02:664][  0]LogConfig: Applying CVar settings from Section [PostProcessQuality@1] File [E:/Game-Development/HolidayGames/Projects/CozySim/Repo/CozySimulator/CozySim/Saved/Config/Windows/Scalability.ini]
[2018.12.11-02.37.02:664][  0]LogConfig: Setting CVar [[r.MotionBlurQuality:3]]
[2018.12.11-02.37.02:664][  0]LogConfig: Setting CVar [[r.AmbientOcclusionMipLevelFactor:1.0]]
[2018.12.11-02.37.02:664][  0]LogConfig: Setting CVar [[r.AmbientOcclusionMaxQuality:60]]
[2018.12.11-02.37.02:664][  0]LogConfig: Setting CVar [[r.AmbientOcclusionLevels:-1]]
[2018.12.11-02.37.02:664][  0]LogConfig: Setting CVar [[r.AmbientOcclusionRadiusScale:1.5]]
[2018.12.11-02.37.02:664][  0]LogConfig: Setting CVar [[r.DepthOfFieldQuality:1]]
[2018.12.11-02.37.02:664][  0]LogConfig: Setting CVar [[r.RenderTargetPoolMin:350]]
[2018.12.11-02.37.02:664][  0]LogConfig: Setting CVar [[r.LensFlareQuality:0]]
[2018.12.11-02.37.02:664][  0]LogConfig: Setting CVar [[r.SceneColorFringeQuality:0]]
[2018.12.11-02.37.02:664][  0]LogConfig: Setting CVar [[r.EyeAdaptationQuality:0]]
[2018.12.11-02.37.02:664][  0]LogConfig: Setting CVar [[r.BloomQuality:4]]
[2018.12.11-02.37.02:664][  0]LogConfig: Setting CVar [[r.FastBlurThreshold:2]]
[2018.12.11-02.37.02:664][  0]LogConfig: Setting CVar [[r.Upscale.Quality:2]]
[2018.12.11-02.37.02:665][  0]LogConfig: Setting CVar [[r.Tonemapper.GrainQuantization:0]]
[2018.12.11-02.37.02:665][  0]LogConfig: Setting CVar [[r.LightShaftQuality:0]]
[2018.12.11-02.37.02:665][  0]LogConfig: Setting CVar [[r.Filter.SizeScale:0.7]]
[2018.12.11-02.37.02:665][  0]LogConfig: Setting CVar [[r.Tonemapper.Quality:2]]
[2018.12.11-02.37.02:665][  0]LogConfig: Setting CVar [[r.DOF.Gather.AccumulatorQuality:0        ; lower gathering accumulator quality]]
[2018.12.11-02.37.02:665][  0]LogConfig: Setting CVar [[r.DOF.Gather.PostfilterMethod:2          ; Max3x3 postfilering method]]
[2018.12.11-02.37.02:665][  0]LogConfig: Setting CVar [[r.DOF.Gather.EnableBokehSettings:0       ; no bokeh simulation when gathering]]
[2018.12.11-02.37.02:665][  0]LogConfig: Setting CVar [[r.DOF.Gather.RingCount:3                 ; low number of samples when gathering]]
[2018.12.11-02.37.02:665][  0]LogConfig: Setting CVar [[r.DOF.Scatter.ForegroundCompositing:0    ; no foreground scattering]]
[2018.12.11-02.37.02:665][  0]LogConfig: Setting CVar [[r.DOF.Scatter.BackgroundCompositing:0    ; no foreground scattering]]
[2018.12.11-02.37.02:665][  0]LogConfig: Setting CVar [[r.DOF.Recombine.Quality:0                ; no slight out of focus]]
[2018.12.11-02.37.02:665][  0]LogConfig: Setting CVar [[r.DOF.TemporalAAQuality:0                ; faster temporal accumulation]]
[2018.12.11-02.37.02:665][  0]LogConfig: Setting CVar [[r.DOF.Kernel.MaxForegroundRadius:0.006   ; required because low gathering and no scattering and not looking great at 1080p]]
[2018.12.11-02.37.02:665][  0]LogConfig: Setting CVar [[r.DOF.Kernel.MaxBackgroundRadius:0.006   ; required because low gathering and no scattering and not looking great at 1080p]]
[2018.12.11-02.37.02:665][  0]LogConfig: Applying CVar settings from Section [TextureQuality@1] File [E:/Game-Development/HolidayGames/Projects/CozySim/Repo/CozySimulator/CozySim/Saved/Config/Windows/Scalability.ini]
[2018.12.11-02.37.02:665][  0]LogConfig: Setting CVar [[r.Streaming.MipBias:1]]
[2018.12.11-02.37.02:665][  0]LogConfig: Setting CVar [[r.Streaming.AmortizeCPUToGPUCopy:0]]
[2018.12.11-02.37.02:665][  0]LogConfig: Setting CVar [[r.Streaming.MaxNumTexturesToStreamPerFrame:0]]
[2018.12.11-02.37.02:665][  0]LogConfig: Setting CVar [[r.Streaming.Boost:1]]
[2018.12.11-02.37.02:665][  0]LogConfig: Setting CVar [[r.MaxAnisotropy:2]]
[2018.12.11-02.37.02:665][  0]LogConfig: Setting CVar [[r.Streaming.LimitPoolSizeToVRAM:1]]
[2018.12.11-02.37.02:665][  0]LogConfig: Setting CVar [[r.Streaming.PoolSize:600]]
[2018.12.11-02.37.02:665][  0]LogConfig: Setting CVar [[r.Streaming.MaxEffectiveScreenSize:0]]
[2018.12.11-02.37.02:665][  0]LogConfig: Applying CVar settings from Section [EffectsQuality@1] File [E:/Game-Development/HolidayGames/Projects/CozySim/Repo/CozySimulator/CozySim/Saved/Config/Windows/Scalability.ini]
[2018.12.11-02.37.02:665][  0]LogConfig: Setting CVar [[r.TranslucencyLightingVolumeDim:32]]
[2018.12.11-02.37.02:665][  0]LogConfig: Setting CVar [[r.RefractionQuality:0]]
[2018.12.11-02.37.02:665][  0]LogConfig: Setting CVar [[r.SSR.Quality:0]]
[2018.12.11-02.37.02:665][  0]LogConfig: Setting CVar [[r.SceneColorFormat:3]]
[2018.12.11-02.37.02:665][  0]LogConfig: Setting CVar [[r.DetailMode:1]]
[2018.12.11-02.37.02:665][  0]LogConfig: Setting CVar [[r.TranslucencyVolumeBlur:0]]
[2018.12.11-02.37.02:665][  0]LogConfig: Setting CVar [[r.MaterialQualityLevel:2 ; Medium quality]]
[2018.12.11-02.37.02:665][  0]LogConfig: Setting CVar [[r.SSS.Scale:0.75]]
[2018.12.11-02.37.02:665][  0]LogConfig: Setting CVar [[r.SSS.SampleSet:0]]
[2018.12.11-02.37.02:665][  0]LogConfig: Setting CVar [[r.SSS.Quality:0]]
[2018.12.11-02.37.02:665][  0]LogConfig: Setting CVar [[r.SSS.HalfRes:1]]
[2018.12.11-02.37.02:665][  0]LogConfig: Setting CVar [[r.EmitterSpawnRateScale:0.25]]
[2018.12.11-02.37.02:665][  0]LogConfig: Setting CVar [[r.ParticleLightQuality:0]]
[2018.12.11-02.37.02:665][  0]LogConfig: Applying CVar settings from Section [FoliageQuality@1] File [E:/Game-Development/HolidayGames/Projects/CozySim/Repo/CozySimulator/CozySim/Saved/Config/Windows/Scalability.ini]
[2018.12.11-02.37.02:665][  0]LogConfig: Setting CVar [[foliage.DensityScale:0.4]]
[2018.12.11-02.37.02:665][  0]LogConfig: Setting CVar [[grass.DensityScale:0.4]]
[2018.12.11-02.37.02:665][  0]LogConfig: Applying CVar settings from Section [Startup] File [../../../Engine/Config/ConsoleVariables.ini]
[2018.12.11-02.37.02:665][  0]LogConfig: Setting CVar [[net.UseAdaptiveNetUpdateFrequency:0]]
[2018.12.11-02.37.02:665][  0]LogConfig: Applying CVar settings from Section [ConsoleVariables] File [E:/Game-Development/HolidayGames/Projects/CozySim/Repo/CozySimulator/CozySim/Saved/Config/Windows/Engine.ini]
[2018.12.11-02.37.02:666][  0]LogInit: Computer: NIC-WORKSTATION
[2018.12.11-02.37.02:666][  0]LogInit: User: Dominic
[2018.12.11-02.37.02:666][  0]LogInit: CPU Page size=4096, Cores=8
[2018.12.11-02.37.02:666][  0]LogInit: High frequency timer resolution =3.320317 MHz
[2018.12.11-02.37.02:666][  0]LogMemory: Memory total: Physical=32.0GB (32GB approx)
[2018.12.11-02.37.02:666][  0]LogMemory: Platform Memory Stats for Windows
[2018.12.11-02.37.02:666][  0]LogMemory: Process Physical Memory: 89.17 MB used, 89.17 MB peak
[2018.12.11-02.37.02:666][  0]LogMemory: Process Virtual Memory: 80.39 MB used, 80.39 MB peak
[2018.12.11-02.37.02:666][  0]LogMemory: Physical Memory: 7788.89 MB used,  24931.37 MB free, 32720.26 MB total
[2018.12.11-02.37.02:666][  0]LogMemory: Virtual Memory: 4645.61 MB used,  134213080.00 MB free, 134217728.00 MB total
[2018.12.11-02.37.02:683][  0]LogInit: Using OS detected language (en-US).
[2018.12.11-02.37.02:683][  0]LogInit: Using OS detected locale (en-US).
[2018.12.11-02.37.02:684][  0]LogTextLocalizationManager: No specific localization for 'en-US' exists, so the 'en' localization will be used.
[2018.12.11-02.37.03:105][  0]LogStreaming: Display: Took  0.422s to InitEngineTextLocalization.
[2018.12.11-02.37.03:105][  0]LogInit: Setting process to per monitor DPI aware
[2018.12.11-02.37.03:153][  0]LogSlate: New Slate User Created.  User Index 0, Is Virtual User: 0
[2018.12.11-02.37.03:153][  0]LogSlate: Slate User Registered.  User Index 0, Is Virtual User: 0
[2018.12.11-02.37.03:371][  0]LogHMD: Failed to initialize OpenVR with code 110
[2018.12.11-02.37.03:371][  0]LogD3D11RHI: D3D11 adapters:
[2018.12.11-02.37.03:438][  0]LogD3D11RHI:    0. 'NVIDIA GeForce GTX 780 Ti' (Feature Level 11_0)
[2018.12.11-02.37.03:438][  0]LogD3D11RHI:       3029/0/16360 MB DedicatedVideo/DedicatedSystem/SharedSystem, Outputs:2, VendorId:0x10de
[2018.12.11-02.37.03:440][  0]LogD3D11RHI:    1. 'Microsoft Basic Render Driver' (Feature Level 11_0)
[2018.12.11-02.37.03:440][  0]LogD3D11RHI:       0/0/16360 MB DedicatedVideo/DedicatedSystem/SharedSystem, Outputs:0, VendorId:0x1414
[2018.12.11-02.37.03:440][  0]LogD3D11RHI: Chosen D3D11 Adapter: 0
[2018.12.11-02.37.03:452][  0]LogD3D11RHI: Creating new Direct3DDevice
[2018.12.11-02.37.03:453][  0]LogD3D11RHI:     GPU DeviceId: 0x100a (for the marketing name, search the web for "GPU Device Id")
[2018.12.11-02.37.03:453][  0]LogWindows: EnumDisplayDevices:
[2018.12.11-02.37.03:453][  0]LogWindows:    0. 'NVIDIA GeForce GTX 780 Ti' (P:0 D:1)
[2018.12.11-02.37.03:453][  0]LogWindows:    1. 'NVIDIA GeForce GTX 780 Ti' (P:1 D:1)
[2018.12.11-02.37.03:453][  0]LogWindows:    2. 'NVIDIA GeForce GTX 780 Ti' (P:0 D:0)
[2018.12.11-02.37.03:453][  0]LogWindows:    3. 'NVIDIA GeForce GTX 780 Ti' (P:0 D:0)
[2018.12.11-02.37.03:453][  0]LogWindows: DebugString: FoundDriverCount:4 
[2018.12.11-02.37.03:453][  0]LogD3D11RHI:     Adapter Name: NVIDIA GeForce GTX 780 Ti
[2018.12.11-02.37.03:453][  0]LogD3D11RHI:   Driver Version: 391.35 (internal:23.21.13.9135, unified:391.35)
[2018.12.11-02.37.03:453][  0]LogD3D11RHI:      Driver Date: 3-23-2018
[2018.12.11-02.37.03:453][  0]LogRHI: Texture pool is 2120 MB (70% of 3029 MB)
[2018.12.11-02.37.03:498][  0]LogD3D11RHI: Async texture creation enabled
[2018.12.11-02.37.03:516][  0]LogD3D11RHI: GPU Timing Frequency: 1000.000000 (Debug: 2 2)
[2018.12.11-02.37.03:873][  0]LogTemp: Display: Loaded TP AllDesktopTargetPlatform
[2018.12.11-02.37.03:889][  0]LogTemp: Display: Loaded TP MacClientTargetPlatform
[2018.12.11-02.37.03:905][  0]LogTemp: Display: Loaded TP MacNoEditorTargetPlatform
[2018.12.11-02.37.03:921][  0]LogTemp: Display: Loaded TP MacServerTargetPlatform
[2018.12.11-02.37.03:936][  0]LogTemp: Display: Loaded TP MacTargetPlatform
[2018.12.11-02.37.03:953][  0]LogTemp: Display: Loaded TP WindowsClientTargetPlatform
[2018.12.11-02.37.03:968][  0]LogTemp: Display: Loaded TP WindowsNoEditorTargetPlatform
[2018.12.11-02.37.03:984][  0]LogTemp: Display: Loaded TP WindowsServerTargetPlatform
[2018.12.11-02.37.03:992][  0]LogTemp: Display: Loaded TP WindowsTargetPlatform
[2018.12.11-02.37.04:084][  0]LogTemp: Display: Loaded TP AndroidTargetPlatform
[2018.12.11-02.37.04:084][  0]LogTemp: Display: Loaded TP AndroidTargetPlatform
[2018.12.11-02.37.04:084][  0]LogTemp: Display: Loaded TP AndroidTargetPlatform
[2018.12.11-02.37.04:084][  0]LogTemp: Display: Loaded TP AndroidTargetPlatform
[2018.12.11-02.37.04:084][  0]LogTemp: Display: Loaded TP AndroidTargetPlatform
[2018.12.11-02.37.04:084][  0]LogTemp: Display: Loaded TP AndroidTargetPlatform
[2018.12.11-02.37.04:085][  0]LogTemp: Display: Loaded TP AndroidTargetPlatform
[2018.12.11-02.37.04:085][  0]LogTemp: Display: Loaded TP AndroidTargetPlatform
[2018.12.11-02.37.04:085][  0]LogTemp: Display: Loaded TP AndroidTargetPlatform
[2018.12.11-02.37.04:085][  0]LogTemp: Display: Loaded TP AndroidTargetPlatform
[2018.12.11-02.37.04:085][  0]LogTemp: Display: Loaded TP AndroidTargetPlatform
[2018.12.11-02.37.04:085][  0]LogTemp: Display: Loaded TP AndroidTargetPlatform
[2018.12.11-02.37.04:085][  0]LogTemp: Display: Loaded TP AndroidTargetPlatform
[2018.12.11-02.37.04:085][  0]LogTemp: Display: Loaded TP AndroidTargetPlatform
[2018.12.11-02.37.04:085][  0]LogTemp: Display: Loaded TP AndroidTargetPlatform
[2018.12.11-02.37.04:085][  0]LogTemp: Display: Loaded TP AndroidTargetPlatform
[2018.12.11-02.37.04:085][  0]LogTemp: Display: Loaded TP AndroidTargetPlatform
[2018.12.11-02.37.04:085][  0]LogTemp: Display: Loaded TP AndroidTargetPlatform
[2018.12.11-02.37.04:086][  0]LogTemp: Display: Loaded TP HTML5TargetPlatform
[2018.12.11-02.37.04:151][  0]LogTemp: Display: Loaded TP IOSTargetPlatform
[2018.12.11-02.37.04:151][  0]LogTemp: Display: Loaded TP IOSTargetPlatform
[2018.12.11-02.37.04:178][  0]LogTemp: Display: Loaded TP TVOSTargetPlatform
[2018.12.11-02.37.04:178][  0]LogTemp: Display: Loaded TP TVOSTargetPlatform
[2018.12.11-02.37.04:193][  0]LogTemp: Display: Loaded TP LinuxClientTargetPlatform
[2018.12.11-02.37.04:207][  0]LogTemp: Display: Loaded TP LinuxNoEditorTargetPlatform
[2018.12.11-02.37.04:222][  0]LogTemp: Display: Loaded TP LinuxServerTargetPlatform
[2018.12.11-02.37.04:237][  0]LogTemp: Display: Loaded TP LinuxTargetPlatform
[2018.12.11-02.37.04:290][  0]LogTemp: Display: Loaded TP LuminTargetPlatform
[2018.12.11-02.37.04:290][  0]LogTemp: Display: Loaded TP LuminTargetPlatform
[2018.12.11-02.37.04:290][  0]LogTargetPlatformManager: Display: Building Assets For Windows
[2018.12.11-02.37.04:360][  0]LogShaderCompilers: Guid format shader working directory is -31 characters bigger than the processId version (E:/Game-Development/HolidayGames/Projects/CozySim/Repo/CozySimulator/CozySim/Intermediate/Shaders/WorkingDirectory/10636/).
[2018.12.11-02.37.04:362][  0]LogShaderCompilers: Cleaned the shader compiler working directory 'C:/Users/mesht/AppData/Local/Temp/UnrealShaderWorkingDir/F22A45FB48FDC2325AD1BEA5535C027B/'.
[2018.12.11-02.37.04:365][  0]LogXGEController: Cleaning working directory: C:/Users/mesht/AppData/Local/Temp/UnrealXGEWorkingDir/
[2018.12.11-02.37.04:365][  0]LogXGEController: Cannot use XGE Controller as Incredibuild is not installed on this machine.
[2018.12.11-02.37.04:366][  0]LogShaderCompilers: Cannot use XGE Shader Compiler as Incredibuild is not installed on this machine.
[2018.12.11-02.37.04:366][  0]LogShaderCompilers: Display: Using Local Shader Compiler.
[2018.12.11-02.37.04:980][  0]LogDerivedDataCache: Display: Max Cache Size: 512 MB
[2018.12.11-02.37.05:036][  0]LogDerivedDataCache: Loaded boot cache 0.06s 71MB C:/Users/mesht/AppData/Local/UnrealEngine/4.21/DerivedDataCache/Boot.ddc.
[2018.12.11-02.37.05:036][  0]LogDerivedDataCache: Display: Loaded Boot cache: C:/Users/mesht/AppData/Local/UnrealEngine/4.21/DerivedDataCache/Boot.ddc
[2018.12.11-02.37.05:036][  0]LogDerivedDataCache: FDerivedDataBackendGraph:  Pak pak cache file E:/Game-Development/HolidayGames/Projects/CozySim/Repo/CozySimulator/CozySim/DerivedDataCache/DDC.ddp not found, will not use a pak cache.
[2018.12.11-02.37.05:036][  0]LogDerivedDataCache: Unable to find inner node Pak for hierarchical cache Hierarchy.
[2018.12.11-02.37.05:036][  0]LogDerivedDataCache: FDerivedDataBackendGraph:  CompressedPak pak cache file E:/Game-Development/HolidayGames/Projects/CozySim/Repo/CozySimulator/CozySim/DerivedDataCache/Compressed.ddp not found, will not use a pak cache.
[2018.12.11-02.37.05:036][  0]LogDerivedDataCache: Unable to find inner node CompressedPak for hierarchical cache Hierarchy.
[2018.12.11-02.37.05:058][  0]LogDerivedDataCache: Display: Pak cache opened for reading ../../../Engine/DerivedDataCache/Compressed.ddp.
[2018.12.11-02.37.05:058][  0]LogDerivedDataCache: FDerivedDataBackendGraph:  EnterprisePak pak cache file ../../../Enterprise/DerivedDataCache/Compressed.ddp not found, will not use a pak cache.
[2018.12.11-02.37.05:058][  0]LogDerivedDataCache: Unable to find inner node EnterprisePak for hierarchical cache Hierarchy.
[2018.12.11-02.37.05:071][  0]LogDerivedDataCache: Using Local data cache path C:/Users/mesht/AppData/Local/UnrealEngine/Common/DerivedDataCache: Writable
[2018.12.11-02.37.05:071][  0]LogDerivedDataCache: Shared data cache path not found in *engine.ini, will not use an Shared cache.
[2018.12.11-02.37.05:071][  0]LogDerivedDataCache: Unable to find inner node Shared for hierarchical cache Hierarchy.
[2018.12.11-02.37.05:102][  0]LogMaterial: Verifying Global Shaders for PCD3D_SM5
[2018.12.11-02.37.05:104][  0]LogSlate: Using FreeType 2.6.0
[2018.12.11-02.37.05:105][  0]LogSlate: SlateFontServices - WITH_FREETYPE: 1, WITH_HARFBUZZ: 1
[2018.12.11-02.37.05:201][  0]LogAssetRegistry: FAssetRegistry took 0.0356 seconds to start up
[2018.12.11-02.37.05:648][  0]LogModuleManager: Warning: ModuleManager: Unable to load module 'ExampleDeviceProfileSelector'  - 0 instances of that module name found.
[2018.12.11-02.37.05:849][  0]LogSimplygon: Simplygon DLL not present - disabling.
[2018.12.11-02.37.05:856][  0]LogMeshReduction: Using SimplygonSwarm for distributed automatic mesh merging
[2018.12.11-02.37.05:856][  0]LogMeshReduction: Using ProxyLODMeshReduction for automatic mesh merging
[2018.12.11-02.37.05:856][  0]LogMeshReduction: Using QuadricMeshReduction for automatic static mesh reduction
[2018.12.11-02.37.05:856][  0]LogMeshReduction: No automatic skeletal mesh reduction module available
[2018.12.11-02.37.05:875][  0]LogNetVersion: CozySim 1.0.0, NetCL: 4541578, EngineNetVer: 5, GameNetVer: 0 (Checksum: 3707586555)
[2018.12.11-02.37.06:541][  0]LogPackageLocalizationCache: Processed 11 localized package path(s) for 2 prioritized culture(s) in 0.119814 seconds
[2018.12.11-02.37.06:552][  0]LogUObjectArray: 38603 objects as part of root set at end of initial load.
[2018.12.11-02.37.06:552][  0]LogUObjectAllocator: 6674984 out of 0 bytes used by permanent object pool.
[2018.12.11-02.37.06:552][  0]LogUObjectArray: CloseDisregardForGC: 0/0 objects in disregard for GC pool
[2018.12.11-02.37.06:560][  0]LogInit: WinSock: version 1.1 (2.2), MaxSocks=32767, MaxUdp=65467
[2018.12.11-02.37.08:207][  0]LogSteamAudio: FSteamAudioModule Startup
[2018.12.11-02.37.08:207][  0]LogSteamAudio: Attempting to load ../../../Engine/Binaries/ThirdParty/Phonon/Win64/tanrt64.dll
[2018.12.11-02.37.08:210][  0]LogSteamAudio: Loaded ../../../Engine/Binaries/ThirdParty/Phonon/Win64/tanrt64.dll.
[2018.12.11-02.37.08:210][  0]LogSteamAudio: Attempting to load ../../../Engine/Binaries/ThirdParty/Phonon/Win64/GPUUtilities.dll
[2018.12.11-02.37.08:211][  0]LogSteamAudio: Loaded ../../../Engine/Binaries/ThirdParty/Phonon/Win64/GPUUtilities.dll.
[2018.12.11-02.37.08:211][  0]LogSteamAudio: Attempting to load ../../../Engine/Binaries/ThirdParty/Phonon/Win64/phonon.dll
[2018.12.11-02.37.08:213][  0]LogSteamAudio: Loaded ../../../Engine/Binaries/ThirdParty/Phonon/Win64/phonon.dll.
[2018.12.11-02.37.08:253][  0]SourceControl: Source control is disabled
[2018.12.11-02.37.08:253][  0]SourceControl: Source control is disabled
[2018.12.11-02.37.08:255][  0]SourceControl: Source control is disabled
[2018.12.11-02.37.08:256][  0]SourceControl: Source control is disabled
[2018.12.11-02.37.08:470][  0]LogOcInput: OculusInput pre-init called
[2018.12.11-02.37.08:474][  0]LogLinker: Can't find file '/Script/OnlineSubsystemUtils'
[2018.12.11-02.37.08:474][  0]LogLinker: Can't find file '/Script/OnlineSubsystemUtils'
[2018.12.11-02.37.08:623][  0]LogEngine: Initializing Engine...
[2018.12.11-02.37.08:624][  0]LogHMD: Failed to initialize OpenVR with code 110
[2018.12.11-02.37.08:626][  0]LogStats: UGameplayTagsManager::ConstructGameplayTagTree: ImportINI prefixes -  0.000 s
[2018.12.11-02.37.08:626][  0]LogStats: UGameplayTagsManager::ConstructGameplayTagTree: Construct from data asset -  0.000 s
[2018.12.11-02.37.08:626][  0]LogStats: UGameplayTagsManager::ConstructGameplayTagTree: ImportINI -  0.000 s
[2018.12.11-02.37.08:626][  0]LogStats: UGameplayTagsManager::ConstructGameplayTagTree: GameplayTagTreeChangedEvent.Broadcast -  0.000 s
[2018.12.11-02.37.08:917][  0]LogInit: Initializing FReadOnlyCVARCache
[2018.12.11-02.37.08:933][  0]LogAIModule: Creating AISystem for world Untitled
[2018.12.11-02.37.08:961][  0]LogInit: XAudio2 using 'Speakers (VB-Audio VoiceMeeter VAIO)' : 2 channels at 48 kHz using 24 bits per sample (channel mask 0x3)
[2018.12.11-02.37.08:974][  0]LogInit: FAudioDevice initialized.
[2018.12.11-02.37.08:975][  0]LogNetVersion: Set ProjectVersion to 1.0.0.0. Version Checksum will be recalculated on next use.
[2018.12.11-02.37.09:072][  0]LogDerivedDataCache: Saved boot cache 0.10s 71MB C:/Users/mesht/AppData/Local/UnrealEngine/4.21/DerivedDataCache/Boot.ddc.
[2018.12.11-02.37.09:096][  0]LogInit: Texture streaming: Enabled
[2018.12.11-02.37.09:152][  0]LogInit: Using libcurl 7.55.1-DEV
[2018.12.11-02.37.09:152][  0]LogInit:  - built for x86_64-pc-win32
[2018.12.11-02.37.09:152][  0]LogInit:  - supports SSL with OpenSSL/1.0.2h
[2018.12.11-02.37.09:152][  0]LogInit:  - supports HTTP deflate (compression) using libz 1.2.8
[2018.12.11-02.37.09:152][  0]LogInit:  - other features:
[2018.12.11-02.37.09:152][  0]LogInit:      CURL_VERSION_SSL
[2018.12.11-02.37.09:152][  0]LogInit:      CURL_VERSION_LIBZ
[2018.12.11-02.37.09:152][  0]LogInit:      CURL_VERSION_IPV6
[2018.12.11-02.37.09:152][  0]LogInit:      CURL_VERSION_ASYNCHDNS
[2018.12.11-02.37.09:152][  0]LogInit:      CURL_VERSION_LARGEFILE
[2018.12.11-02.37.09:152][  0]LogInit:      CURL_VERSION_IDN
[2018.12.11-02.37.09:152][  0]LogInit:  CurlRequestOptions (configurable via config and command line):
[2018.12.11-02.37.09:152][  0]LogInit:  - bVerifyPeer = true  - Libcurl will verify peer certificate
[2018.12.11-02.37.09:152][  0]LogInit:  - bUseHttpProxy = false  - Libcurl will NOT use HTTP proxy
[2018.12.11-02.37.09:152][  0]LogInit:  - bDontReuseConnections = false  - Libcurl will reuse connections
[2018.12.11-02.37.09:152][  0]LogInit:  - MaxHostConnections = 16  - Libcurl will limit the number of connections to a host
[2018.12.11-02.37.09:152][  0]LogInit:  - LocalHostAddr = Default
[2018.12.11-02.37.09:152][  0]LogInit:  - BufferSize = 65536
[2018.12.11-02.37.09:168][  0]LogEngineSessionManager: EngineSessionManager initialized
[2018.12.11-02.37.09:191][  0]LogInit: Transaction tracking system initialized
[2018.12.11-02.37.09:218][  0]BlueprintLog: New page: Editor Load
[2018.12.11-02.37.09:304][  0]LocalizationService: Localization service is disabled
[2018.12.11-02.37.09:634][  0]LogModuleManager: Warning: ModuleManager: Unable to load module 'TcpMessaging'  - 0 instances of that module name found.
[2018.12.11-02.37.09:691][  0]LogModuleManager: Warning: ModuleManager: Unable to load module 'TcpMessaging'  - 0 instances of that module name found.
[2018.12.11-02.37.10:508][  0]LogFileCache: Scanning file cache for directory 'E:/Game-Development/HolidayGames/Projects/CozySim/Repo/CozySimulator/CozySim/Content/' took 0.01s
[2018.12.11-02.37.10:508][  0]LogCook: Display: Max memory allowance for cook 16384mb min free memory 0mb
[2018.12.11-02.37.10:508][  0]LogCook: Display: Mobile HDR setting 1
[2018.12.11-02.37.10:508][  0]LogGameplayTags: Display: UGameplayTagsManager::DoneAddingNativeTags. DelegateIsBound: 0
[2018.12.11-02.37.10:508][  0]LogStats: UGameplayTagsManager::ConstructGameplayTagTree: ImportINI prefixes -  0.000 s
[2018.12.11-02.37.10:508][  0]LogStats: UGameplayTagsManager::ConstructGameplayTagTree: Construct from data asset -  0.000 s
[2018.12.11-02.37.10:508][  0]LogStats: UGameplayTagsManager::ConstructGameplayTagTree: ImportINI -  0.000 s
[2018.12.11-02.37.10:508][  0]LogStats: UGameplayTagsManager::ConstructGameplayTagTree: GameplayTagTreeChangedEvent.Broadcast -  0.000 s
[2018.12.11-02.37.10:649][  0]SourceControl: Source control is disabled
[2018.12.11-02.37.10:650][  0]Cmd: MAP LOAD FILE="E:/Game-Development/HolidayGames/Projects/CozySim/Repo/CozySimulator/CozySim/Content/Levels/DevLevel.umap" TEMPLATE=0 SHOWPROGRESS=1 FEATURELEVEL=3
[2018.12.11-02.37.10:650][  0]LightingResults: New page: Lighting Build
[2018.12.11-02.37.10:654][  0]MapCheck: New page: Map Check
[2018.12.11-02.37.10:654][  0]LightingResults: New page: Lighting Build
[2018.12.11-02.37.10:739][  0]LogAIModule: Creating AISystem for world DevLevel
[2018.12.11-02.37.10:746][  0]LogEditorServer: Finished looking for orphan Actors (0.000 secs)
[2018.12.11-02.37.10:784][  0]Cmd: MAP CHECKDEP NOCLEARLOG
[2018.12.11-02.37.10:784][  0]MapCheck: Map check complete: 0 Error(s), 0 Warning(s), took 0.17ms to complete.
[2018.12.11-02.37.10:784][  0]LogFileHelpers: Loading map 'DevLevel' took 0.134
[2018.12.11-02.37.10:893][  0]LogSlate: Updating window title bar state: overlay mode, drag disabled, window buttons hidden, title bar hidden
[2018.12.11-02.37.10:901][  0]LogSlate: Updating window title bar state: overlay mode, drag disabled, window buttons hidden, title bar hidden
[2018.12.11-02.37.10:909][  0]LogSlate: Updating window title bar state: overlay mode, drag disabled, window buttons hidden, title bar hidden
[2018.12.11-02.37.10:918][  0]LogSlate: Updating window title bar state: overlay mode, drag disabled, window buttons hidden, title bar hidden
[2018.12.11-02.37.10:925][  0]LogCollectionManager: Loaded 0 collections in 0.001793 seconds
[2018.12.11-02.37.10:955][  0]LogFileCache: Scanning file cache for directory 'E:/Game-Development/HolidayGames/Projects/CozySim/Repo/CozySimulator/CozySim/Saved/Collections/' took 0.01s
[2018.12.11-02.37.10:955][  0]LogFileCache: Scanning file cache for directory 'E:/Game-Development/HolidayGames/Projects/CozySim/Repo/CozySimulator/CozySim/Content/Developers/Dominic/Collections/' took 0.00s
[2018.12.11-02.37.10:955][  0]LogFileCache: Scanning file cache for directory 'E:/Game-Development/HolidayGames/Projects/CozySim/Repo/CozySimulator/CozySim/Content/Collections/' took 0.01s
[2018.12.11-02.37.10:955][  0]LogCollectionManager: Rebuilt the GUID cache for 0 collections in 0.000000 seconds
[2018.12.11-02.37.10:966][  0]LogContentBrowser: Native class hierarchy populated in 0.0100 seconds. Added 2557 classes and 554 folders.
[2018.12.11-02.37.10:975][  0]LogContentBrowser: Native class hierarchy updated for 'WidgetCarousel' in 0.0003 seconds. Added 0 classes and 0 folders.
[2018.12.11-02.37.10:977][  0]LogPakFile: Registered encryption key '00000000000000000000000000000000': 0 pak files mounted, 0 remain pending
[2018.12.11-02.37.10:978][  0]LogPakFile: Registered encryption key '00000000000000000000000000000000': 0 pak files mounted, 0 remain pending
[2018.12.11-02.37.10:978][  0]LogPakFile: Registered encryption key '00000000000000000000000000000000': 0 pak files mounted, 0 remain pending
[2018.12.11-02.37.10:979][  0]LogPakFile: Registered encryption key '00000000000000000000000000000000': 0 pak files mounted, 0 remain pending
[2018.12.11-02.37.10:979][  0]LogPakFile: Registered encryption key '00000000000000000000000000000000': 0 pak files mounted, 0 remain pending
[2018.12.11-02.37.10:979][  0]LogPakFile: Registered encryption key '00000000000000000000000000000000': 0 pak files mounted, 0 remain pending
[2018.12.11-02.37.10:980][  0]LogPakFile: Registered encryption key '00000000000000000000000000000000': 0 pak files mounted, 0 remain pending
[2018.12.11-02.37.10:980][  0]LogPakFile: Registered encryption key '00000000000000000000000000000000': 0 pak files mounted, 0 remain pending
[2018.12.11-02.37.10:981][  0]LogPakFile: Registered encryption key '00000000000000000000000000000000': 0 pak files mounted, 0 remain pending
[2018.12.11-02.37.10:981][  0]LogPakFile: Registered encryption key '00000000000000000000000000000000': 0 pak files mounted, 0 remain pending
[2018.12.11-02.37.10:982][  0]LogPakFile: Registered encryption key '00000000000000000000000000000000': 0 pak files mounted, 0 remain pending
[2018.12.11-02.37.10:982][  0]LogPakFile: Registered encryption key '00000000000000000000000000000000': 0 pak files mounted, 0 remain pending
[2018.12.11-02.37.10:983][  0]LogPakFile: Registered encryption key '00000000000000000000000000000000': 0 pak files mounted, 0 remain pending
[2018.12.11-02.37.10:983][  0]LogPakFile: Registered encryption key '00000000000000000000000000000000': 0 pak files mounted, 0 remain pending
[2018.12.11-02.37.10:983][  0]LogPakFile: Registered encryption key '00000000000000000000000000000000': 0 pak files mounted, 0 remain pending
[2018.12.11-02.37.10:984][  0]LogPakFile: Registered encryption key '00000000000000000000000000000000': 0 pak files mounted, 0 remain pending
[2018.12.11-02.37.10:984][  0]LogPakFile: Registered encryption key '00000000000000000000000000000000': 0 pak files mounted, 0 remain pending
[2018.12.11-02.37.10:985][  0]LogPakFile: Registered encryption key '00000000000000000000000000000000': 0 pak files mounted, 0 remain pending
[2018.12.11-02.37.10:985][  0]LogPakFile: Registered encryption key '00000000000000000000000000000000': 0 pak files mounted, 0 remain pending
[2018.12.11-02.37.10:986][  0]LogPakFile: Registered encryption key '00000000000000000000000000000000': 0 pak files mounted, 0 remain pending
[2018.12.11-02.37.10:986][  0]LogPakFile: Registered encryption key '00000000000000000000000000000000': 0 pak files mounted, 0 remain pending
[2018.12.11-02.37.10:987][  0]LogPakFile: Registered encryption key '00000000000000000000000000000000': 0 pak files mounted, 0 remain pending
[2018.12.11-02.37.10:987][  0]LogPakFile: Registered encryption key '00000000000000000000000000000000': 0 pak files mounted, 0 remain pending
[2018.12.11-02.37.10:988][  0]LogPakFile: Registered encryption key '00000000000000000000000000000000': 0 pak files mounted, 0 remain pending
[2018.12.11-02.37.10:988][  0]LogPakFile: Registered encryption key '00000000000000000000000000000000': 0 pak files mounted, 0 remain pending
[2018.12.11-02.37.10:989][  0]LogPakFile: Registered encryption key '00000000000000000000000000000000': 0 pak files mounted, 0 remain pending
[2018.12.11-02.37.11:023][  0]LogContentBrowser: Native class hierarchy updated for 'AddContentDialog' in 0.0003 seconds. Added 0 classes and 0 folders.
[2018.12.11-02.37.11:031][  0]LogContentBrowser: Native class hierarchy updated for 'SceneOutliner' in 0.0003 seconds. Added 1 classes and 2 folders.
[2018.12.11-02.37.11:046][  0]LogSlate: Took 0.000246 seconds to synchronously load lazily loaded font '../../../Engine/Content/Slate/Fonts/Roboto-Regular.ttf' (155K)
[2018.12.11-02.37.11:048][  0]LogSlate: Took 0.000180 seconds to synchronously load lazily loaded font '../../../Engine/Content/Slate/Fonts/Roboto-Bold.ttf' (160K)
[2018.12.11-02.37.11:054][  0]LogSlate: Took 0.000331 seconds to synchronously load lazily loaded font '../../../Engine/Content/Editor/Slate/Fonts/FontAwesome.ttf' (139K)
[2018.12.11-02.37.11:135][  0]LogRenderer: Reallocating scene render targets to support 1044x560 Format 9 NumSamples 1 (Frame:1).
[2018.12.11-02.37.11:249][  0]LogContentBrowser: Native class hierarchy updated for 'HierarchicalLODOutliner' in 0.0004 seconds. Added 0 classes and 0 folders.
[2018.12.11-02.37.11:249][  0]LogLoad: (Engine Initialization) Total time: 10.85 seconds
[2018.12.11-02.37.11:249][  0]LogLoad: (Engine Initialization) Total Blueprint compile time: 0.00 seconds
[2018.12.11-02.37.11:259][  0]LogWindowsTextInputMethodSystem: Display: IME system now deactivated.
[2018.12.11-02.37.11:285][  0]LogAssetRegistry: Asset discovery search completed in 6.1071 seconds
[2018.12.11-02.37.11:287][  0]LogCollectionManager: Rebuilt the object cache for 0 collections in 0.000000 seconds (found 0 objects)
[2018.12.11-02.37.11:287][  0]LogCollectionManager: Fixed up redirectors for 0 collections in 0.000109 seconds (updated 0 objects)
[2018.12.11-02.37.11:289][  0]LogContentStreaming: Texture pool size now 600 MB
[2018.12.11-02.37.11:318][  0]LogSlate: Took 0.000348 seconds to synchronously load lazily loaded font '../../../Engine/Content/Slate/Fonts/Roboto-Light.ttf' (167K)
[2018.12.11-02.37.13:551][261]LogSlate: FSceneViewport::OnFocusLost() reason 0
[2018.12.11-02.37.19:887][ 18]LogSlate: FSceneViewport::OnFocusLost() reason 0
[2018.12.11-02.37.19:979][ 29]LogTemp: Repeating last play command: Selected Viewport
[2018.12.11-02.37.19:996][ 29]LogBlueprintUserMessages: Early PlayInEditor Detection: Level '/Game/Levels/DevLevel.DevLevel:PersistentLevel' has LevelScriptBlueprint '/Game/Levels/DevLevel.DevLevel:PersistentLevel.DevLevel' with GeneratedClass '/Game/Levels/DevLevel.DevLevel_C' with ClassGeneratedBy '/Game/Levels/DevLevel.DevLevel:PersistentLevel.DevLevel'
[2018.12.11-02.37.19:996][ 29]LogPlayLevel: PlayLevel: No blueprints needed recompiling
[2018.12.11-02.37.19:996][ 29]PIE: New page: PIE session: DevLevel (Dec 10, 2018, 12:37:19 PM)
[2018.12.11-02.37.19:997][ 29]LogPlayLevel: Creating play world package: /Game/Levels/UEDPIE_0_DevLevel
[2018.12.11-02.37.20:000][ 29]LogPlayLevel: PIE: StaticDuplicateObject took: (0.003679s)
[2018.12.11-02.37.20:001][ 29]LogAIModule: Creating AISystem for world DevLevel
[2018.12.11-02.37.20:001][ 29]LogPlayLevel: PIE: World Init took: (0.000601s)
[2018.12.11-02.37.20:001][ 29]LogPlayLevel: PIE: Created PIE world by copying editor world from /Game/Levels/DevLevel.DevLevel to /Game/Levels/UEDPIE_0_DevLevel.DevLevel (0.004577s)
[2018.12.11-02.37.20:057][ 29]LogInit: XAudio2 using 'Speakers (VB-Audio VoiceMeeter VAIO)' : 2 channels at 48 kHz using 24 bits per sample (channel mask 0x3)
[2018.12.11-02.37.20:062][ 29]LogInit: FAudioDevice initialized.
[2018.12.11-02.37.20:259][ 29]LogLoad: Game class is 'PrimaryGM_C'
[2018.12.11-02.37.20:261][ 29]LogWorld: Bringing World /Game/Levels/UEDPIE_0_DevLevel.DevLevel up for play (max tick rate 0) at 2018.12.10-19.37.20
[2018.12.11-02.37.20:262][ 29]LogWorld: Bringing up level for play took: 0.001372
[2018.12.11-02.37.20:267][ 29]LogContentBrowser: Native class hierarchy updated for 'MovieSceneCapture' in 0.0006 seconds. Added 20 classes and 0 folders.
[2018.12.11-02.37.20:269][ 29]PIE: Play in editor start time for /Game/Levels/UEDPIE_0_DevLevel 0.617
[2018.12.11-02.37.20:269][ 29]LogBlueprintUserMessages: Late PlayInEditor Detection: Level '/Game/Levels/DevLevel.DevLevel:PersistentLevel' has LevelScriptBlueprint '/Game/Levels/DevLevel.DevLevel:PersistentLevel.DevLevel' with GeneratedClass '/Game/Levels/DevLevel.DevLevel_C' with ClassGeneratedBy '/Game/Levels/DevLevel.DevLevel:PersistentLevel.DevLevel'
[2018.12.11-02.37.33:427][603]LogBlueprintUserMessages: Early EndPlayMap Detection: Level '/Game/Levels/DevLevel.DevLevel:PersistentLevel' has LevelScriptBlueprint '/Game/Levels/DevLevel.DevLevel:PersistentLevel.DevLevel' with GeneratedClass '/Game/Levels/DevLevel.DevLevel_C' with ClassGeneratedBy '/Game/Levels/DevLevel.DevLevel:PersistentLevel.DevLevel'
[2018.12.11-02.37.33:427][603]LogSlate: Updating window title bar state: overlay mode, drag disabled, window buttons hidden, title bar hidden
[2018.12.11-02.37.33:460][603]LogBlueprintUserMessages: Late EndPlayMap Detection: Level '/Game/Levels/DevLevel.DevLevel:PersistentLevel' has LevelScriptBlueprint '/Game/Levels/DevLevel.DevLevel:PersistentLevel.DevLevel' with GeneratedClass '/Game/Levels/DevLevel.DevLevel_C' with ClassGeneratedBy '/Game/Levels/DevLevel.DevLevel:PersistentLevel.DevLevel'
[2018.12.11-02.37.33:497][603]LogSlate: Updating window title bar state: overlay mode, drag disabled, window buttons hidden, title bar hidden
[2018.12.11-02.37.35:812][879]LogSlate: FSceneViewport::OnFocusLost() reason 0
[2018.12.11-02.38.51:565][291]LogSlate: FSceneViewport::OnFocusLost() reason 0
[2018.12.11-02.39.17:345][245]Cmd: DELETE
[2018.12.11-02.39.17:345][245]Cmd: ACTOR DELETE
[2018.12.11-02.39.17:352][245]LogEditorActor: Deleted Actor: IObj_Viewport_C
[2018.12.11-02.39.17:432][245]LogEditorActor: Deleted 1 Actors (0.083 secs)
[2018.12.11-02.39.18:774][405]LogSlate: FSceneViewport::OnFocusLost() reason 0
[2018.12.11-02.39.18:870][416]LogSlate: Took 0.000202 seconds to synchronously load lazily loaded font '../../../Engine/Content/Slate/Fonts/Roboto-Light.ttf' (167K)
[2018.12.11-02.39.19:077][416]LogSavePackage: Moving 'E:/Game-Development/HolidayGames/Projects/CozySim/Repo/CozySimulator/CozySim/Saved/DevLevel87DA697846BCC5DEC8CC7CA89AF960FE.tmp' to 'E:/Game-Development/HolidayGames/Projects/CozySim/Repo/CozySimulator/CozySim/Content/Levels/DevLevel.umap'
[2018.12.11-02.44.17:462][ 18]LogSlate: FSceneViewport::OnFocusLost() reason 0
[2018.12.11-02.59.18:969][728]LogSlate: Window 'CozySim - Unreal Editor' being destroyed
[2018.12.11-02.59.19:144][729]Cmd: QUIT_EDITOR
[2018.12.11-02.59.19:840][729]LogWindowsTextInputMethodSystem: Display: IME system now deactivated.
[2018.12.11-02.59.19:850][729]LogSlate: Slate User Destroyed.  User Index 0, Is Virtual User: 0
[2018.12.11-02.59.19:850][729]LogExit: Preparing to exit.
[2018.12.11-02.59.19:879][729]LogExit: Editor shut down
[2018.12.11-02.59.19:879][729]LogExit: Transaction tracking system shut down
[2018.12.11-02.59.20:164][729]LogExit: Object subsystem successfully closed.
[2018.12.11-02.59.20:186][729]LogShaderCompilers: Display: Shaders left to compile 0
[2018.12.11-02.59.20:192][729]LogD3D11RHI: Shutdown
[2018.12.11-02.59.20:192][729]LogD3D11RHI: CleanupD3DDevice
[2018.12.11-02.59.20:194][729]LogD3D11RHI: ~FD3D11DynamicRHI
[2018.12.11-02.59.20:216][729]LogModuleManager: Shutting down and abandoning module MovieSceneCapture (564)
[2018.12.11-02.59.20:217][729]LogModuleManager: Shutting down and abandoning module HierarchicalLODOutliner (562)
[2018.12.11-02.59.20:217][729]LogModuleManager: Shutting down and abandoning module SceneOutliner (560)
[2018.12.11-02.59.20:217][729]LogModuleManager: Shutting down and abandoning module AddContentDialog (558)
[2018.12.11-02.59.20:217][729]LogModuleManager: Shutting down and abandoning module WidgetCarousel (557)
[2018.12.11-02.59.20:217][729]LogModuleManager: Shutting down and abandoning module EditorWidgets (554)
[2018.12.11-02.59.20:217][729]LogModuleManager: Shutting down and abandoning module CollectionManager (552)
[2018.12.11-02.59.20:217][729]LogModuleManager: Shutting down and abandoning module StatsViewer (550)
[2018.12.11-02.59.20:217][729]LogModuleManager: Shutting down and abandoning module FoliageEdit (548)
[2018.12.11-02.59.20:217][729]LogModuleManager: Shutting down and abandoning module LandscapeEditor (546)
[2018.12.11-02.59.20:218][729]LogModuleManager: Shutting down and abandoning module MeshPaintMode (544)
[2018.12.11-02.59.20:218][729]LogModuleManager: Shutting down and abandoning module SceneDepthPickerMode (542)
[2018.12.11-02.59.20:218][729]LogModuleManager: Shutting down and abandoning module ActorPickerMode (540)
[2018.12.11-02.59.20:218][729]LogModuleManager: Shutting down and abandoning module GeometryMode (538)
[2018.12.11-02.59.20:218][729]LogModuleManager: Shutting down and abandoning module TextureAlignMode (536)
[2018.12.11-02.59.20:218][729]LogModuleManager: Shutting down and abandoning module BspMode (534)
[2018.12.11-02.59.20:218][729]LogModuleManager: Shutting down and abandoning module PIEPreviewDeviceProfileSelector (532)
[2018.12.11-02.59.20:218][729]LogModuleManager: Shutting down and abandoning module SequenceRecorderSections (530)
[2018.12.11-02.59.20:218][729]LogModuleManager: Shutting down and abandoning module AutomationWorker (528)
[2018.12.11-02.59.20:218][729]LogModuleManager: Shutting down and abandoning module SteamAudioEditor (526)
[2018.12.11-02.59.20:218][729]LogModuleManager: Shutting down and abandoning module MatineeToLevelSequence (524)
[2018.12.11-02.59.20:218][729]LogModuleManager: Shutting down and abandoning module LevelSequenceEditor (522)
[2018.12.11-02.59.20:218][729]LogModuleManager: Shutting down and abandoning module PlacementMode (521)
[2018.12.11-02.59.20:218][729]LogModuleManager: Shutting down and abandoning module MaterialEditor (520)
[2018.12.11-02.59.20:218][729]LogModuleManager: Shutting down and abandoning module WmfMediaFactory (516)
[2018.12.11-02.59.20:218][729]LogModuleManager: Shutting down and abandoning module WmfMediaEditor (514)
[2018.12.11-02.59.20:218][729]LogModuleManager: Shutting down and abandoning module WebMMediaFactory (512)
[2018.12.11-02.59.20:218][729]LogModuleManager: Shutting down and abandoning module WebMMediaEditor (510)
[2018.12.11-02.59.20:218][729]LogModuleManager: Shutting down and abandoning module WebMMedia (508)
[2018.12.11-02.59.20:218][729]LogModuleManager: Shutting down and abandoning module MediaPlayerEditor (506)
[2018.12.11-02.59.20:218][729]LogModuleManager: Shutting down and abandoning module MediaCompositingEditor (504)
[2018.12.11-02.59.20:218][729]LogModuleManager: Shutting down and abandoning module SequenceRecorder (503)
[2018.12.11-02.59.20:218][729]LogModuleManager: Shutting down and abandoning module OpenExrWrapper (500)
[2018.12.11-02.59.20:218][729]LogModuleManager: Shutting down and abandoning module ImgMediaFactory (498)
[2018.12.11-02.59.20:218][729]LogModuleManager: Shutting down and abandoning module ImgMediaEditor (496)
[2018.12.11-02.59.20:218][729]LogModuleManager: Shutting down and abandoning module AvfMediaFactory (494)
[2018.12.11-02.59.20:218][729]LogModuleManager: Shutting down and abandoning module AvfMediaEditor (492)
[2018.12.11-02.59.20:218][729]LogModuleManager: Shutting down and abandoning module CharacterAI (490)
[2018.12.11-02.59.20:218][729]LogModuleManager: Shutting down and abandoning module SmartSnapping (488)
[2018.12.11-02.59.20:218][729]LogModuleManager: Shutting down and abandoning module SessionServices (486)
[2018.12.11-02.59.20:218][729]LogModuleManager: Shutting down and abandoning module ViewportSnapping (484)
[2018.12.11-02.59.20:218][729]LogModuleManager: Shutting down and abandoning module ViewportInteraction (482)
[2018.12.11-02.59.20:218][729]LogModuleManager: Shutting down and abandoning module ClothPainter (480)
[2018.12.11-02.59.20:218][729]LogModuleManager: Shutting down and abandoning module SkeletalMeshEditor (479)
[2018.12.11-02.59.20:218][729]LogModuleManager: Shutting down and abandoning module LogVisualizer (476)
[2018.12.11-02.59.20:219][729]LogModuleManager: Shutting down and abandoning module IntroTutorials (474)
[2018.12.11-02.59.20:219][729]LogModuleManager: Shutting down and abandoning module GameProjectGeneration (473)
[2018.12.11-02.59.20:219][729]LogModuleManager: Shutting down and abandoning module LuminPlatformEditor (470)
[2018.12.11-02.59.20:219][729]LogModuleManager: Shutting down and abandoning module IOSPlatformEditor (468)
[2018.12.11-02.59.20:219][729]LogModuleManager: Shutting down and abandoning module HTML5PlatformEditor (466)
[2018.12.11-02.59.20:219][729]LogModuleManager: Shutting down and abandoning module AndroidPlatformEditor (464)
[2018.12.11-02.59.20:219][729]LogModuleManager: Shutting down and abandoning module AndroidDeviceDetection (462)
[2018.12.11-02.59.20:425][729]LogModuleManager: Shutting down and abandoning module WindowsPlatformEditor (459)
[2018.12.11-02.59.20:425][729]LogModuleManager: Shutting down and abandoning module LuminRuntimeSettings (457)
[2018.12.11-02.59.20:425][729]LogModuleManager: Shutting down and abandoning module IOSRuntimeSettings (455)
[2018.12.11-02.59.20:425][729]LogModuleManager: Shutting down and abandoning module AndroidRuntimeSettings (453)
[2018.12.11-02.59.20:425][729]LogModuleManager: Shutting down and abandoning module TimeManagementEditor (451)
[2018.12.11-02.59.20:425][729]LogModuleManager: Shutting down and abandoning module InputBindingEditor (449)
[2018.12.11-02.59.20:425][729]LogModuleManager: Shutting down and abandoning module MergeActors (447)
[2018.12.11-02.59.20:425][729]LogModuleManager: Shutting down and abandoning module LocalizationDashboard (445)
[2018.12.11-02.59.20:425][729]LogModuleManager: Shutting down and abandoning module LocalizationService (444)
[2018.12.11-02.59.20:425][729]LogModuleManager: Shutting down and abandoning module HardwareTargeting (441)
[2018.12.11-02.59.20:425][729]LogModuleManager: Shutting down and abandoning module DeviceProfileEditor (439)
[2018.12.11-02.59.20:425][729]LogModuleManager: Shutting down and abandoning module UndoHistory (437)
[2018.12.11-02.59.20:425][729]LogModuleManager: Shutting down and abandoning module XmlParser (435)
[2018.12.11-02.59.20:425][729]LogModuleManager: Shutting down and abandoning module Blutility (433)
[2018.12.11-02.59.20:425][729]LogModuleManager: Shutting down and abandoning module ProjectSettingsViewer (431)
[2018.12.11-02.59.20:425][729]LogModuleManager: Shutting down and abandoning module ProjectTargetPlatformEditor (430)
[2018.12.11-02.59.20:426][729]LogModuleManager: Shutting down and abandoning module EditorSettingsViewer (427)
[2018.12.11-02.59.20:426][729]LogModuleManager: Shutting down and abandoning module SettingsEditor (425)
[2018.12.11-02.59.20:426][729]LogModuleManager: Shutting down and abandoning module ProjectLauncher (423)
[2018.12.11-02.59.20:426][729]LogModuleManager: Shutting down and abandoning module SessionFrontend (421)
[2018.12.11-02.59.20:426][729]LogModuleManager: Shutting down and abandoning module ProfilerClient (419)
[2018.12.11-02.59.20:426][729]LogModuleManager: Shutting down and abandoning module DeviceManager (417)
[2018.12.11-02.59.20:426][729]LogModuleManager: Shutting down and abandoning module TargetDeviceServices (416)
[2018.12.11-02.59.20:492][729]LogModuleManager: Shutting down and abandoning module AutomationController (413)
[2018.12.11-02.59.20:492][729]LogModuleManager: Shutting down and abandoning module AutomationWindow (411)
[2018.12.11-02.59.20:492][729]LogModuleManager: Shutting down and abandoning module Layers (409)
[2018.12.11-02.59.20:492][729]LogModuleManager: Shutting down and abandoning module ComponentVisualizers (407)
[2018.12.11-02.59.20:492][729]LogModuleManager: Shutting down and abandoning module DetailCustomizations (405)
[2018.12.11-02.59.20:492][729]LogModuleManager: Shutting down and abandoning module PackagesDialog (403)
[2018.12.11-02.59.20:492][729]LogModuleManager: Shutting down and abandoning module Persona (401)
[2018.12.11-02.59.20:492][729]LogModuleManager: Shutting down and abandoning module AdvancedPreviewScene (400)
[2018.12.11-02.59.20:492][729]LogModuleManager: Shutting down and abandoning module AnimGraph (398)
[2018.12.11-02.59.20:492][729]LogModuleManager: Shutting down and abandoning module Kismet (395)
[2018.12.11-02.59.20:493][729]LogModuleManager: Shutting down and abandoning module GraphEditor (393)
[2018.12.11-02.59.20:493][729]LogModuleManager: Shutting down and abandoning module ClassViewer (391)
[2018.12.11-02.59.20:493][729]LogModuleManager: Shutting down and abandoning module Toolbox (389)
[2018.12.11-02.59.20:493][729]LogModuleManager: Shutting down and abandoning module ModuleUI (387)
[2018.12.11-02.59.20:493][729]LogModuleManager: Shutting down and abandoning module MovieSceneTools (385)
[2018.12.11-02.59.20:493][729]LogModuleManager: Shutting down and abandoning module OutputLog (383)
[2018.12.11-02.59.20:493][729]LogModuleManager: Shutting down and abandoning module GammaUI (381)
[2018.12.11-02.59.20:493][729]LogModuleManager: Shutting down and abandoning module Documentation (379)
[2018.12.11-02.59.20:493][729]LogModuleManager: Shutting down and abandoning module MovieSceneTracks (377)
[2018.12.11-02.59.20:493][729]LogModuleManager: Shutting down and abandoning module MovieScene (375)
[2018.12.11-02.59.20:493][729]LogModuleManager: Shutting down and abandoning module StreamingPauseRendering (373)
[2018.12.11-02.59.20:493][729]LogModuleManager: Shutting down and abandoning module LauncherPlatform (371)
[2018.12.11-02.59.20:493][729]LogModuleManager: Shutting down and abandoning module AnalyticsET (369)
[2018.12.11-02.59.20:493][729]LogModuleManager: Shutting down and abandoning module HTTP (368)
[2018.12.11-02.59.20:493][729]LogHttp: Display: Http module shutting down, but needs to wait on 1 outstanding Http requests:
[2018.12.11-02.59.20:493][729]LogHttp: Display: 	verb=[POST] url=[https://datarouter.ol.epicgames.com/datarouter/api/v1/public/data?SessionID=%7B87E88EA0-4265-3C17-3023-3386F04D91B7%7D&AppID=UEEditor.Rocket.Release&AppVersion=4.21.1-4613538%2B%2B%2BUE4%2BRelease-4.21&UserID=3ed4cd184c79817fa41750a5749f3d64%7C9a7113778c324a5ebfbe2ee726f02543%7C220484ee-82e4-4c5b-bfac-464309ddc758&AppEnvironment=datacollector-binary&UploadType=eteventstream] status=Processing
[2018.12.11-02.59.20:520][729]LogModuleManager: Shutting down and abandoning module SSL (367)
[2018.12.11-02.59.20:522][729]LogModuleManager: Shutting down and abandoning module PortalServices (363)
[2018.12.11-02.59.20:522][729]LogModuleManager: Shutting down and abandoning module PortalRpc (361)
[2018.12.11-02.59.20:522][729]LogModuleManager: Shutting down and abandoning module MessagingRpc (359)
[2018.12.11-02.59.20:522][729]LogModuleManager: Shutting down and abandoning module AIModule (357)
[2018.12.11-02.59.20:522][729]LogModuleManager: Shutting down and abandoning module GameplayDebugger (356)
[2018.12.11-02.59.20:522][729]LogModuleManager: Shutting down and abandoning module AITestSuite (354)
[2018.12.11-02.59.20:522][729]LogModuleManager: Shutting down and abandoning module NavigationSystem (352)
[2018.12.11-02.59.20:522][729]LogModuleManager: Shutting down and abandoning module DesktopPlatform (349)
[2018.12.11-02.59.20:522][729]LogModuleManager: Shutting down and abandoning module ImageWriteQueue (347)
[2018.12.11-02.59.20:527][729]LogModuleManager: Shutting down and abandoning module ProfilerService (345)
[2018.12.11-02.59.20:574][729]LogModuleManager: Shutting down and abandoning module TaskGraph (343)
[2018.12.11-02.59.20:575][729]LogModuleManager: Shutting down and abandoning module SteamVRController (341)
[2018.12.11-02.59.20:575][729]LogModuleManager: Shutting down and abandoning module ProceduralMeshComponentEditor (339)
[2018.12.11-02.59.20:575][729]LogModuleManager: Shutting down and abandoning module ProceduralMeshComponent (337)
[2018.12.11-02.59.20:575][729]LogModuleManager: Shutting down and abandoning module OculusInput (335)
[2018.12.11-02.59.20:575][729]LogModuleManager: Shutting down and abandoning module MIDIDevice (333)
[2018.12.11-02.59.20:575][729]LogModuleManager: Shutting down and abandoning module EditableMesh (331)
[2018.12.11-02.59.20:575][729]LogModuleManager: Shutting down and abandoning module CustomMeshComponent (329)
[2018.12.11-02.59.20:575][729]LogModuleManager: Shutting down and abandoning module CableComponent (327)
[2018.12.11-02.59.20:575][729]LogModuleManager: Shutting down and abandoning module ArchVisCharacter (325)
[2018.12.11-02.59.20:575][729]LogModuleManager: Shutting down and abandoning module MediaCompositing (323)
[2018.12.11-02.59.20:575][729]LogModuleManager: Shutting down and abandoning module LinearTimecode (321)
[2018.12.11-02.59.20:575][729]LogModuleManager: Shutting down and abandoning module ImgMedia (319)
[2018.12.11-02.59.20:580][729]LogModuleManager: Shutting down and abandoning module HTML5Networking (317)
[2018.12.11-02.59.20:580][729]LogModuleManager: Shutting down and abandoning module GeometryCacheTracks (315)
[2018.12.11-02.59.20:580][729]LogModuleManager: Shutting down and abandoning module GeometryCacheSequencer (313)
[2018.12.11-02.59.20:580][729]LogModuleManager: Shutting down and abandoning module BackChannel (311)
[2018.12.11-02.59.20:580][729]LogModuleManager: Shutting down and abandoning module AppleVision (309)
[2018.12.11-02.59.20:580][729]LogModuleManager: Shutting down and abandoning module AppleImageUtilsBlueprintSupport (307)
[2018.12.11-02.59.20:580][729]LogModuleManager: Shutting down and abandoning module AppleImageUtils (305)
[2018.12.11-02.59.20:580][729]LogModuleManager: Shutting down and abandoning module AlembicImporter (303)
[2018.12.11-02.59.20:580][729]LogModuleManager: Shutting down and abandoning module AlembicLibrary (302)
[2018.12.11-02.59.20:580][729]LogModuleManager: Shutting down and abandoning module GeometryCache (301)
[2018.12.11-02.59.20:580][729]LogModuleManager: Shutting down and abandoning module GeometryCacheEd (300)
[2018.12.11-02.59.20:580][729]LogModuleManager: Shutting down and abandoning module VariantManagerContent (295)
[2018.12.11-02.59.20:580][729]LogModuleManager: Shutting down and abandoning module DatasmithContentEditor (293)
[2018.12.11-02.59.20:580][729]LogModuleManager: Shutting down and abandoning module SpeedTreeImporter (291)
[2018.12.11-02.59.20:580][729]LogModuleManager: Shutting down and abandoning module PluginBrowser (289)
[2018.12.11-02.59.20:580][729]LogModuleManager: Shutting down and abandoning module MobileLauncherProfileWizard (287)
[2018.12.11-02.59.20:580][729]LogModuleManager: Shutting down and abandoning module PolygonModeling (285)
[2018.12.11-02.59.20:580][729]LogModuleManager: Shutting down and abandoning module MeshEditor (283)
[2018.12.11-02.59.20:580][729]LogModuleManager: Shutting down and abandoning module CryptoKeysOpenSSL (281)
[2018.12.11-02.59.20:580][729]LogModuleManager: Shutting down and abandoning module CryptoKeys (279)
[2018.12.11-02.59.20:580][729]LogModuleManager: Shutting down and abandoning module VisualStudioSourceCodeAccess (277)
[2018.12.11-02.59.20:581][729]LogModuleManager: Shutting down and abandoning module VisualStudioCodeSourceCodeAccess (275)
[2018.12.11-02.59.20:581][729]LogModuleManager: Shutting down and abandoning module SubversionSourceControl (273)
[2018.12.11-02.59.20:581][729]LogModuleManager: Shutting down and abandoning module PerforceSourceControl (271)
[2018.12.11-02.59.20:581][729]LogModuleManager: Shutting down and abandoning module GitSourceControl (269)
[2018.12.11-02.59.20:581][729]LogModuleManager: Shutting down and abandoning module SourceControl (268)
[2018.12.11-02.59.20:581][729]LogModuleManager: Shutting down and abandoning module CLionSourceCodeAccess (265)
[2018.12.11-02.59.20:581][729]LogModuleManager: Shutting down and abandoning module ActorLayerUtilitiesEditor (263)
[2018.12.11-02.59.20:581][729]LogModuleManager: Shutting down and abandoning module ActorLayerUtilities (261)
[2018.12.11-02.59.20:581][729]LogModuleManager: Shutting down and abandoning module LightPropagationVolumeEditor (259)
[2018.12.11-02.59.20:581][729]LogModuleManager: Shutting down and abandoning module PaperTiledImporter (257)
[2018.12.11-02.59.20:581][729]LogModuleManager: Shutting down and abandoning module PaperSpriteSheetImporter (255)
[2018.12.11-02.59.20:581][729]LogModuleManager: Shutting down and abandoning module Paper2DEditor (253)
[2018.12.11-02.59.20:581][729]LogModuleManager: Shutting down and abandoning module MeshPaint (252)
[2018.12.11-02.59.20:581][729]LogModuleManager: Shutting down and abandoning module SteamAudio (249)
[2018.12.11-02.59.20:581][729]LogSteamAudio: FSteamAudioModule Shutdown
[2018.12.11-02.59.20:582][729]LogModuleManager: Shutting down and abandoning module RuntimePhysXCooking (247)
[2018.12.11-02.59.20:582][729]LogModuleManager: Shutting down and abandoning module OculusEditor (245)
[2018.12.11-02.59.20:582][729]LogModuleManager: Shutting down and abandoning module ActorSequence (243)
[2018.12.11-02.59.20:582][729]LogModuleManager: Shutting down and abandoning module GameplayTagsEditor (241)
[2018.12.11-02.59.20:582][729]LogModuleManager: Shutting down and abandoning module FacialAnimationEditor (239)
[2018.12.11-02.59.20:582][729]LogModuleManager: Shutting down and abandoning module FacialAnimation (237)
[2018.12.11-02.59.20:582][729]LogModuleManager: Shutting down and abandoning module DataValidation (235)
[2018.12.11-02.59.20:582][729]LogModuleManager: Shutting down and abandoning module AssetManagerEditor (233)
[2018.12.11-02.59.20:582][729]LogModuleManager: Shutting down and abandoning module LevelEditor (232)
[2018.12.11-02.59.20:583][729]LogModuleManager: Shutting down and abandoning module PixelInspectorModule (231)
[2018.12.11-02.59.20:583][729]LogModuleManager: Shutting down and abandoning module CommonMenuExtensions (229)
[2018.12.11-02.59.20:583][729]LogModuleManager: Shutting down and abandoning module MainFrame (227)
[2018.12.11-02.59.20:583][729]LogModuleManager: Shutting down and abandoning module HotReload (226)
[2018.12.11-02.59.20:584][729]LogModuleManager: Shutting down and abandoning module ContentBrowser (222)
[2018.12.11-02.59.20:585][729]LogModuleManager: Shutting down and abandoning module TreeMap (220)
[2018.12.11-02.59.20:585][729]LogModuleManager: Shutting down and abandoning module LightPropagationVolumeRuntime (217)
[2018.12.11-02.59.20:585][729]LogModuleManager: Shutting down and abandoning module Paper2D (215)
[2018.12.11-02.59.20:585][729]LogModuleManager: Shutting down and abandoning module WindowsMoviePlayer (213)
[2018.12.11-02.59.20:585][729]LogModuleManager: Shutting down and abandoning module WebMMoviePlayer (211)
[2018.12.11-02.59.20:585][729]LogModuleManager: Shutting down and abandoning module WmfMedia (209)
[2018.12.11-02.59.20:587][729]LogModuleManager: Shutting down and abandoning module Media (208)
[2018.12.11-02.59.20:593][729]LogModuleManager: Shutting down and abandoning module PacketHandler (205)
[2018.12.11-02.59.20:594][729]LogModuleManager: Shutting down and abandoning module ClothingSystemEditor (203)
[2018.12.11-02.59.20:594][729]LogModuleManager: Shutting down and abandoning module ClothingSystemRuntime (201)
[2018.12.11-02.59.20:594][729]LogModuleManager: Shutting down and abandoning module MediaAssets (199)
[2018.12.11-02.59.20:594][729]LogModuleManager: Shutting down and abandoning module Overlay (197)
[2018.12.11-02.59.20:594][729]LogModuleManager: Shutting down and abandoning module OverlayEditor (196)
[2018.12.11-02.59.20:594][729]LogModuleManager: Shutting down and abandoning module VREditor (193)
[2018.12.11-02.59.20:594][729]LogModuleManager: Shutting down and abandoning module StringTableEditor (191)
[2018.12.11-02.59.20:594][729]LogModuleManager: Shutting down and abandoning module GameplayTasksEditor (189)
[2018.12.11-02.59.20:594][729]LogModuleManager: Shutting down and abandoning module BehaviorTreeEditor (187)
[2018.12.11-02.59.20:594][729]LogModuleManager: Shutting down and abandoning module FunctionalTesting (185)
[2018.12.11-02.59.20:594][729]LogModuleManager: Shutting down and abandoning module CollisionAnalyzer (183)
[2018.12.11-02.59.20:594][729]LogModuleManager: Shutting down and abandoning module WorkspaceMenuStructure (182)
[2018.12.11-02.59.20:594][729]LogModuleManager: Shutting down and abandoning module UMG (179)
[2018.12.11-02.59.20:594][729]LogModuleManager: Shutting down and abandoning module UMGEditor (178)
[2018.12.11-02.59.20:594][729]LogModuleManager: Shutting down and abandoning module Sequencer (177)
[2018.12.11-02.59.20:594][729]LogModuleManager: Shutting down and abandoning module MessageLog (174)
[2018.12.11-02.59.20:594][729]LogModuleManager: Shutting down and abandoning module SlateReflector (169)
[2018.12.11-02.59.20:594][729]LogModuleManager: Shutting down and abandoning module Slate (167)
[2018.12.11-02.59.20:594][729]LogModuleManager: Shutting down and abandoning module EditorStyle (165)
[2018.12.11-02.59.20:597][729]LogModuleManager: Shutting down and abandoning module MRMesh (163)
[2018.12.11-02.59.20:597][729]LogModuleManager: Shutting down and abandoning module SourceCodeAccess (161)
[2018.12.11-02.59.20:597][729]LogModuleManager: Shutting down and abandoning module HeadMountedDisplay (159)
[2018.12.11-02.59.20:597][729]LogModuleManager: Shutting down and abandoning module XAudio2 (157)
[2018.12.11-02.59.20:597][729]LogModuleManager: Shutting down and abandoning module Networking (155)
[2018.12.11-02.59.20:597][729]LogModuleManager: Shutting down and abandoning module Core (151)
[2018.12.11-02.59.20:597][729]LogModuleManager: Shutting down and abandoning module LevelSequence (149)
[2018.12.11-02.59.20:597][729]LogModuleManager: Shutting down and abandoning module KismetCompiler (147)
[2018.12.11-02.59.20:597][729]LogModuleManager: Shutting down and abandoning module MeshUtilities (145)
[2018.12.11-02.59.20:597][729]LogModuleManager: Shutting down and abandoning module MeshMergeUtilities (144)
[2018.12.11-02.59.20:597][729]LogModuleManager: Shutting down and abandoning module MeshReductionInterface (143)
[2018.12.11-02.59.20:597][729]LogModuleManager: Shutting down and abandoning module SimplygonSwarm (142)
[2018.12.11-02.59.20:597][729]LogModuleManager: Shutting down and abandoning module ProxyLODMeshReduction (140)
[2018.12.11-02.59.20:597][729]LogModuleManager: Shutting down and abandoning module SimplygonMeshReduction (138)
[2018.12.11-02.59.20:597][729]LogModuleManager: Shutting down and abandoning module QuadricMeshReduction (136)
[2018.12.11-02.59.20:597][729]LogModuleManager: Shutting down and abandoning module MaterialBaking (132)
[2018.12.11-02.59.20:597][729]LogModuleManager: Shutting down and abandoning module DirectoryWatcher (128)
[2018.12.11-02.59.20:597][729]LogModuleManager: Shutting down and abandoning module DerivedDataCache (125)
[2018.12.11-02.59.20:599][729]LogDerivedDataCache: Shutdown
[2018.12.11-02.59.20:600][729]LogModuleManager: Shutting down and abandoning module XGEController (123)
[2018.12.11-02.59.20:600][729]LogXGEController: Cleaning working directory: C:/Users/mesht/AppData/Local/Temp/UnrealXGEWorkingDir/
[2018.12.11-02.59.20:600][729]LogModuleManager: Shutting down and abandoning module TargetPlatform (121)
[2018.12.11-02.59.20:600][729]LogModuleManager: Shutting down and abandoning module VulkanShaderFormat (120)
[2018.12.11-02.59.20:600][729]LogModuleManager: Shutting down and abandoning module ShaderFormatVectorVM (118)
[2018.12.11-02.59.20:600][729]LogModuleManager: Shutting down and abandoning module ShaderFormatOpenGL (116)
[2018.12.11-02.59.20:600][729]LogModuleManager: Shutting down and abandoning module ShaderFormatD3D (114)
[2018.12.11-02.59.20:600][729]LogModuleManager: Shutting down and abandoning module MetalShaderFormat (112)
[2018.12.11-02.59.20:600][729]LogModuleManager: Shutting down and abandoning module TextureFormatUncompressed (110)
[2018.12.11-02.59.20:600][729]LogModuleManager: Shutting down and abandoning module TextureFormatPVR (108)
[2018.12.11-02.59.20:600][729]LogModuleManager: Shutting down and abandoning module TextureFormatDXT (106)
[2018.12.11-02.59.20:600][729]LogModuleManager: Shutting down and abandoning module TextureFormatIntelISPCTexComp (104)
[2018.12.11-02.59.20:600][729]LogModuleManager: Shutting down and abandoning module TextureFormatASTC (102)
[2018.12.11-02.59.20:600][729]LogModuleManager: Shutting down and abandoning module ImageWrapper (101)
[2018.12.11-02.59.20:600][729]LogModuleManager: Shutting down and abandoning module TextureFormatAndroid (98)
[2018.12.11-02.59.20:600][729]LogModuleManager: Shutting down and abandoning module AudioFormatOpus (96)
[2018.12.11-02.59.20:600][729]LogModuleManager: Shutting down and abandoning module AudioFormatOgg (94)
[2018.12.11-02.59.20:600][729]LogModuleManager: Shutting down and abandoning module AudioFormatADPCM (92)
[2018.12.11-02.59.20:600][729]LogModuleManager: Shutting down and abandoning module LuminTargetPlatform (90)
[2018.12.11-02.59.20:601][729]LogModuleManager: Shutting down and abandoning module LinuxTargetPlatform (88)
[2018.12.11-02.59.20:601][729]LogModuleManager: Shutting down and abandoning module LinuxServerTargetPlatform (86)
[2018.12.11-02.59.20:601][729]LogModuleManager: Shutting down and abandoning module LinuxNoEditorTargetPlatform (84)
[2018.12.11-02.59.20:601][729]LogModuleManager: Shutting down and abandoning module LinuxClientTargetPlatform (82)
[2018.12.11-02.59.20:601][729]LogModuleManager: Shutting down and abandoning module TVOSTargetPlatform (80)
[2018.12.11-02.59.20:602][729]LogModuleManager: Shutting down and abandoning module Messaging (78)
[2018.12.11-02.59.20:602][729]LogModuleManager: Shutting down and abandoning module IOSTargetPlatform (76)
[2018.12.11-02.59.20:603][729]LogModuleManager: Shutting down and abandoning module HTML5TargetPlatform (74)
[2018.12.11-02.59.20:603][729]LogModuleManager: Shutting down and abandoning module AndroidTargetPlatform (72)
[2018.12.11-02.59.20:609][729]LogModuleManager: Shutting down and abandoning module WindowsTargetPlatform (70)
[2018.12.11-02.59.20:609][729]LogModuleManager: Shutting down and abandoning module WindowsServerTargetPlatform (68)
[2018.12.11-02.59.20:609][729]LogModuleManager: Shutting down and abandoning module WindowsNoEditorTargetPlatform (66)
[2018.12.11-02.59.20:609][729]LogModuleManager: Shutting down and abandoning module WindowsClientTargetPlatform (64)
[2018.12.11-02.59.20:609][729]LogModuleManager: Shutting down and abandoning module MacTargetPlatform (62)
[2018.12.11-02.59.20:609][729]LogModuleManager: Shutting down and abandoning module MacServerTargetPlatform (60)
[2018.12.11-02.59.20:609][729]LogModuleManager: Shutting down and abandoning module MacNoEditorTargetPlatform (58)
[2018.12.11-02.59.20:610][729]LogModuleManager: Shutting down and abandoning module MacClientTargetPlatform (56)
[2018.12.11-02.59.20:610][729]LogModuleManager: Shutting down and abandoning module AllDesktopTargetPlatform (54)
[2018.12.11-02.59.20:610][729]LogModuleManager: Shutting down and abandoning module InputCore (51)
[2018.12.11-02.59.20:610][729]LogModuleManager: Shutting down and abandoning module Settings (49)
[2018.12.11-02.59.20:610][729]LogModuleManager: Shutting down and abandoning module PhysXCooking (47)
[2018.12.11-02.59.20:610][729]LogModuleManager: Shutting down and abandoning module SteamVR (44)
[2018.12.11-02.59.20:610][729]LogHMD: Freeing OpenVRDLLHandle.
[2018.12.11-02.59.20:610][729]LogModuleManager: Shutting down and abandoning module OculusHMD (42)
[2018.12.11-02.59.20:610][729]LogModuleManager: Shutting down and abandoning module LauncherChunkInstaller (40)
[2018.12.11-02.59.20:610][729]LogModuleManager: Shutting down and abandoning module DatasmithContent (38)
[2018.12.11-02.59.20:610][729]LogModuleManager: Shutting down and abandoning module AnimationModifiers (36)
[2018.12.11-02.59.20:610][729]LogModuleManager: Shutting down and abandoning module PropertyEditor (35)
[2018.12.11-02.59.20:610][729]LogModuleManager: Shutting down and abandoning module AudioEditor (32)
[2018.12.11-02.59.20:611][729]LogModuleManager: Shutting down and abandoning module TextureCompressor (30)
[2018.12.11-02.59.20:611][729]LogModuleManager: Shutting down and abandoning module ShaderCore (28)
[2018.12.11-02.59.20:611][729]LogModuleManager: Shutting down and abandoning module Landscape (26)
[2018.12.11-02.59.20:611][729]LogModuleManager: Shutting down and abandoning module SlateRHIRenderer (24)
[2018.12.11-02.59.20:611][729]LogModuleManager: Shutting down and abandoning module OpenGLDrv (22)
[2018.12.11-02.59.20:611][729]LogModuleManager: Shutting down and abandoning module D3D11RHI (20)
[2018.12.11-02.59.20:611][729]LogModuleManager: Shutting down and abandoning module AnimGraphRuntime (18)
[2018.12.11-02.59.20:611][729]LogModuleManager: Shutting down and abandoning module Renderer (16)
[2018.12.11-02.59.20:611][729]LogModuleManager: Shutting down and abandoning module Engine (14)
[2018.12.11-02.59.20:611][729]LogModuleManager: Shutting down and abandoning module CoreUObject (12)
[2018.12.11-02.59.20:611][729]LogModuleManager: Shutting down and abandoning module NetworkFile (10)
[2018.12.11-02.59.20:611][729]LogModuleManager: Shutting down and abandoning module CookedIterativeFile (8)
[2018.12.11-02.59.20:611][729]LogModuleManager: Shutting down and abandoning module StreamingFile (6)
[2018.12.11-02.59.20:611][729]LogModuleManager: Shutting down and abandoning module SandboxFile (4)
[2018.12.11-02.59.20:611][729]LogModuleManager: Shutting down and abandoning module PakFile (2)
[2018.12.11-02.59.20:632][729]LogExit: Exiting.
[2018.12.11-02.59.20:634][729]Log file closed, 12/10/18 19:59:20
